<?xml version="1.0"?>
<!DOCTYPE coverage SYSTEM "http://cobertura.sourceforge.net/xml/coverage-04.dtd">

<coverage line-rate="0.0" branch-rate="0.0" lines-covered="0" lines-valid="1263" branches-covered="0" branches-valid="347" complexity="2.1624365482233503" version="1.9.4.1" timestamp="1418879892415">
	<sources>
		<source>--source</source>
		<source>/Users/vaibhav.g/flipkart/zookeeper/zookeeper-book-example/src/main/java</source>
	</sources>
	<packages>
		<package name="org.apache.zookeeper.book" line-rate="0.0" branch-rate="0.0" complexity="2.204081632653061">
			<classes>
				<class name="org.apache.zookeeper.book.ChildrenCache" filename="org/apache/zookeeper/book/ChildrenCache.java" line-rate="0.0" branch-rate="0.0" complexity="2.6">
					<methods>
						<method name="&lt;init&gt;" signature="()V" line-rate="0.0" branch-rate="1.0">
							<lines>
								<line number="32" hits="0" branch="false"/>
								<line number="33" hits="0" branch="false"/>
								<line number="34" hits="0" branch="false"/>
							</lines>
						</method>
						<method name="&lt;init&gt;" signature="(Ljava/util/List;)V" line-rate="0.0" branch-rate="1.0">
							<lines>
								<line number="36" hits="0" branch="false"/>
								<line number="37" hits="0" branch="false"/>
								<line number="38" hits="0" branch="false"/>
							</lines>
						</method>
						<method name="addedAndSet" signature="(Ljava/util/List;)Ljava/util/List;" line-rate="0.0" branch-rate="0.0">
							<lines>
								<line number="45" hits="0" branch="false"/>
								<line number="47" hits="0" branch="true" condition-coverage="0% (0/2)">
									<conditions>
										<condition number="0" type="jump" coverage="0%"/>
									</conditions>
								</line>
								<line number="48" hits="0" branch="false"/>
								<line number="50" hits="0" branch="true" condition-coverage="0% (0/2)">
									<conditions>
										<condition number="0" type="jump" coverage="0%"/>
									</conditions>
								</line>
								<line number="51" hits="0" branch="true" condition-coverage="0% (0/2)">
									<conditions>
										<condition number="0" type="jump" coverage="0%"/>
									</conditions>
								</line>
								<line number="52" hits="0" branch="true" condition-coverage="0% (0/2)">
									<conditions>
										<condition number="0" type="jump" coverage="0%"/>
									</conditions>
								</line>
								<line number="53" hits="0" branch="false"/>
								<line number="56" hits="0" branch="false"/>
								<line number="58" hits="0" branch="false"/>
								<line number="60" hits="0" branch="false"/>
								<line number="62" hits="0" branch="false"/>
							</lines>
						</method>
						<method name="getList" signature="()Ljava/util/List;" line-rate="0.0" branch-rate="1.0">
							<lines>
								<line number="41" hits="0" branch="false"/>
							</lines>
						</method>
						<method name="removedAndSet" signature="(Ljava/util/List;)Ljava/util/List;" line-rate="0.0" branch-rate="0.0">
							<lines>
								<line number="66" hits="0" branch="false"/>
								<line number="68" hits="0" branch="true" condition-coverage="0% (0/2)">
									<conditions>
										<condition number="0" type="jump" coverage="0%"/>
									</conditions>
								</line>
								<line number="69" hits="0" branch="true" condition-coverage="0% (0/2)">
									<conditions>
										<condition number="0" type="jump" coverage="0%"/>
									</conditions>
								</line>
								<line number="70" hits="0" branch="true" condition-coverage="0% (0/2)">
									<conditions>
										<condition number="0" type="jump" coverage="0%"/>
									</conditions>
								</line>
								<line number="71" hits="0" branch="true" condition-coverage="0% (0/2)">
									<conditions>
										<condition number="0" type="jump" coverage="0%"/>
									</conditions>
								</line>
								<line number="72" hits="0" branch="false"/>
								<line number="75" hits="0" branch="false"/>
								<line number="77" hits="0" branch="false"/>
								<line number="79" hits="0" branch="false"/>
								<line number="81" hits="0" branch="false"/>
							</lines>
						</method>
					</methods>
					<lines>
						<line number="32" hits="0" branch="false"/>
						<line number="33" hits="0" branch="false"/>
						<line number="34" hits="0" branch="false"/>
						<line number="36" hits="0" branch="false"/>
						<line number="37" hits="0" branch="false"/>
						<line number="38" hits="0" branch="false"/>
						<line number="41" hits="0" branch="false"/>
						<line number="45" hits="0" branch="false"/>
						<line number="47" hits="0" branch="true" condition-coverage="0% (0/2)">
							<conditions>
								<condition number="0" type="jump" coverage="0%"/>
							</conditions>
						</line>
						<line number="48" hits="0" branch="false"/>
						<line number="50" hits="0" branch="true" condition-coverage="0% (0/2)">
							<conditions>
								<condition number="0" type="jump" coverage="0%"/>
							</conditions>
						</line>
						<line number="51" hits="0" branch="true" condition-coverage="0% (0/2)">
							<conditions>
								<condition number="0" type="jump" coverage="0%"/>
							</conditions>
						</line>
						<line number="52" hits="0" branch="true" condition-coverage="0% (0/2)">
							<conditions>
								<condition number="0" type="jump" coverage="0%"/>
							</conditions>
						</line>
						<line number="53" hits="0" branch="false"/>
						<line number="56" hits="0" branch="false"/>
						<line number="58" hits="0" branch="false"/>
						<line number="60" hits="0" branch="false"/>
						<line number="62" hits="0" branch="false"/>
						<line number="66" hits="0" branch="false"/>
						<line number="68" hits="0" branch="true" condition-coverage="0% (0/2)">
							<conditions>
								<condition number="0" type="jump" coverage="0%"/>
							</conditions>
						</line>
						<line number="69" hits="0" branch="true" condition-coverage="0% (0/2)">
							<conditions>
								<condition number="0" type="jump" coverage="0%"/>
							</conditions>
						</line>
						<line number="70" hits="0" branch="true" condition-coverage="0% (0/2)">
							<conditions>
								<condition number="0" type="jump" coverage="0%"/>
							</conditions>
						</line>
						<line number="71" hits="0" branch="true" condition-coverage="0% (0/2)">
							<conditions>
								<condition number="0" type="jump" coverage="0%"/>
							</conditions>
						</line>
						<line number="72" hits="0" branch="false"/>
						<line number="75" hits="0" branch="false"/>
						<line number="77" hits="0" branch="false"/>
						<line number="79" hits="0" branch="false"/>
						<line number="81" hits="0" branch="false"/>
					</lines>
				</class>
				<class name="org.apache.zookeeper.book.Client" filename="org/apache/zookeeper/book/Client.java" line-rate="0.0" branch-rate="0.0" complexity="1.9545454545454546">
					<methods>
						<method name="&lt;clinit&gt;" signature="()V" line-rate="0.0" branch-rate="1.0">
							<lines>
								<line number="44" hits="0" branch="false"/>
							</lines>
						</method>
						<method name="&lt;init&gt;" signature="(Ljava/lang/String;)V" line-rate="0.0" branch-rate="1.0">
							<lines>
								<line number="48" hits="0" branch="false"/>
								<line number="49" hits="0" branch="false"/>
								<line number="51" hits="0" branch="false"/>
								<line number="52" hits="0" branch="false"/>
								<line number="53" hits="0" branch="false"/>
								<line number="111" hits="0" branch="false"/>
								<line number="137" hits="0" branch="false"/>
								<line number="147" hits="0" branch="false"/>
								<line number="161" hits="0" branch="false"/>
								<line number="187" hits="0" branch="false"/>
								<line number="226" hits="0" branch="false"/>
							</lines>
						</method>
						<method name="access$000" signature="()Lorg/slf4j/Logger;" line-rate="0.0" branch-rate="1.0">
							<lines>
								<line number="43" hits="0" branch="false"/>
							</lines>
						</method>
						<method name="close" signature="()V" line-rate="0.0" branch-rate="1.0">
							<lines>
								<line number="294" hits="0" branch="false"/>
								<line number="296" hits="0" branch="false"/>
								<line number="297" hits="0" branch="false"/>
								<line number="298" hits="0" branch="false"/>
								<line number="299" hits="0" branch="false"/>
								<line number="300" hits="0" branch="false"/>
							</lines>
						</method>
						<method name="isConnected" signature="()Z" line-rate="0.0" branch-rate="1.0">
							<lines>
								<line number="85" hits="0" branch="false"/>
							</lines>
						</method>
						<method name="isExpired" signature="()Z" line-rate="0.0" branch-rate="1.0">
							<lines>
								<line number="94" hits="0" branch="false"/>
							</lines>
						</method>
						<method name="main" signature="([Ljava/lang/String;)V" line-rate="0.0" branch-rate="0.0">
							<lines>
								<line number="303" hits="0" branch="false"/>
								<line number="304" hits="0" branch="false"/>
								<line number="306" hits="0" branch="true" condition-coverage="0% (0/2)">
									<conditions>
										<condition number="0" type="jump" coverage="0%"/>
									</conditions>
								</line>
								<line number="307" hits="0" branch="false"/>
								<line number="310" hits="0" branch="false"/>
								<line number="311" hits="0" branch="false"/>
								<line number="313" hits="0" branch="false"/>
								<line number="314" hits="0" branch="false"/>
								<line number="316" hits="0" branch="false"/>
								<line number="317" hits="0" branch="false"/>
								<line number="318" hits="0" branch="false"/>
							</lines>
						</method>
						<method name="process" signature="(Lorg/apache/zookeeper/WatchedEvent;)V" line-rate="0.0" branch-rate="0.0">
							<lines>
								<line number="60" hits="0" branch="false"/>
								<line number="61" hits="0" branch="true" condition-coverage="0% (0/2)">
									<conditions>
										<condition number="0" type="jump" coverage="0%"/>
									</conditions>
								</line>
								<line number="62" hits="0" branch="true" condition-coverage="0% (0/4)">
									<conditions>
										<condition number="0" type="switch" coverage="0%"/>
									</conditions>
								</line>
								<line number="64" hits="0" branch="false"/>
								<line number="65" hits="0" branch="false"/>
								<line number="67" hits="0" branch="false"/>
								<line number="68" hits="0" branch="false"/>
								<line number="70" hits="0" branch="false"/>
								<line number="71" hits="0" branch="false"/>
								<line number="72" hits="0" branch="false"/>
								<line number="77" hits="0" branch="false"/>
							</lines>
						</method>
						<method name="startZK" signature="()V" line-rate="0.0" branch-rate="1.0">
							<lines>
								<line number="56" hits="0" branch="false"/>
								<line number="57" hits="0" branch="false"/>
							</lines>
						</method>
						<method name="submitTask" signature="(Ljava/lang/String;Lorg/apache/zookeeper/book/Client$TaskObject;)V" line-rate="0.0" branch-rate="1.0">
							<lines>
								<line number="102" hits="0" branch="false"/>
								<line number="103" hits="0" branch="false"/>
								<line number="109" hits="0" branch="false"/>
							</lines>
						</method>
						<method name="watchStatus" signature="(Ljava/lang/String;Ljava/lang/Object;)V" line-rate="0.0" branch-rate="1.0">
							<lines>
								<line number="140" hits="0" branch="false"/>
								<line number="141" hits="0" branch="false"/>
								<line number="145" hits="0" branch="false"/>
							</lines>
						</method>
					</methods>
					<lines>
						<line number="43" hits="0" branch="false"/>
						<line number="44" hits="0" branch="false"/>
						<line number="48" hits="0" branch="false"/>
						<line number="49" hits="0" branch="false"/>
						<line number="51" hits="0" branch="false"/>
						<line number="52" hits="0" branch="false"/>
						<line number="53" hits="0" branch="false"/>
						<line number="56" hits="0" branch="false"/>
						<line number="57" hits="0" branch="false"/>
						<line number="60" hits="0" branch="false"/>
						<line number="61" hits="0" branch="true" condition-coverage="0% (0/2)">
							<conditions>
								<condition number="0" type="jump" coverage="0%"/>
							</conditions>
						</line>
						<line number="62" hits="0" branch="true" condition-coverage="0% (0/4)">
							<conditions>
								<condition number="0" type="switch" coverage="0%"/>
							</conditions>
						</line>
						<line number="64" hits="0" branch="false"/>
						<line number="65" hits="0" branch="false"/>
						<line number="67" hits="0" branch="false"/>
						<line number="68" hits="0" branch="false"/>
						<line number="70" hits="0" branch="false"/>
						<line number="71" hits="0" branch="false"/>
						<line number="72" hits="0" branch="false"/>
						<line number="77" hits="0" branch="false"/>
						<line number="85" hits="0" branch="false"/>
						<line number="94" hits="0" branch="false"/>
						<line number="102" hits="0" branch="false"/>
						<line number="103" hits="0" branch="false"/>
						<line number="109" hits="0" branch="false"/>
						<line number="111" hits="0" branch="false"/>
						<line number="137" hits="0" branch="false"/>
						<line number="140" hits="0" branch="false"/>
						<line number="141" hits="0" branch="false"/>
						<line number="145" hits="0" branch="false"/>
						<line number="147" hits="0" branch="false"/>
						<line number="161" hits="0" branch="false"/>
						<line number="187" hits="0" branch="false"/>
						<line number="226" hits="0" branch="false"/>
						<line number="294" hits="0" branch="false"/>
						<line number="296" hits="0" branch="false"/>
						<line number="297" hits="0" branch="false"/>
						<line number="298" hits="0" branch="false"/>
						<line number="299" hits="0" branch="false"/>
						<line number="300" hits="0" branch="false"/>
						<line number="303" hits="0" branch="false"/>
						<line number="304" hits="0" branch="false"/>
						<line number="306" hits="0" branch="true" condition-coverage="0% (0/2)">
							<conditions>
								<condition number="0" type="jump" coverage="0%"/>
							</conditions>
						</line>
						<line number="307" hits="0" branch="false"/>
						<line number="310" hits="0" branch="false"/>
						<line number="311" hits="0" branch="false"/>
						<line number="313" hits="0" branch="false"/>
						<line number="314" hits="0" branch="false"/>
						<line number="316" hits="0" branch="false"/>
						<line number="317" hits="0" branch="false"/>
						<line number="318" hits="0" branch="false"/>
					</lines>
				</class>
				<class name="org.apache.zookeeper.book.Client$1" filename="org/apache/zookeeper/book/Client.java" line-rate="0.0" branch-rate="0.0" complexity="1.9545454545454546">
					<methods>
						<method name="&lt;init&gt;" signature="(Lorg/apache/zookeeper/book/Client;)V" line-rate="0.0" branch-rate="1.0">
							<lines>
								<line number="111" hits="0" branch="false"/>
							</lines>
						</method>
						<method name="processResult" signature="(ILjava/lang/String;Ljava/lang/Object;Ljava/lang/String;)V" line-rate="0.0" branch-rate="0.0">
							<lines>
								<line number="113" hits="0" branch="true" condition-coverage="0% (0/3)">
									<conditions>
										<condition number="0" type="switch" coverage="0%"/>
									</conditions>
								</line>
								<line number="121" hits="0" branch="false"/>
								<line number="123" hits="0" branch="false"/>
								<line number="125" hits="0" branch="false"/>
								<line number="126" hits="0" branch="false"/>
								<line number="127" hits="0" branch="false"/>
								<line number="129" hits="0" branch="false"/>
								<line number="131" hits="0" branch="false"/>
								<line number="133" hits="0" branch="false"/>
							</lines>
						</method>
					</methods>
					<lines>
						<line number="111" hits="0" branch="false"/>
						<line number="113" hits="0" branch="true" condition-coverage="0% (0/3)">
							<conditions>
								<condition number="0" type="switch" coverage="0%"/>
							</conditions>
						</line>
						<line number="121" hits="0" branch="false"/>
						<line number="123" hits="0" branch="false"/>
						<line number="125" hits="0" branch="false"/>
						<line number="126" hits="0" branch="false"/>
						<line number="127" hits="0" branch="false"/>
						<line number="129" hits="0" branch="false"/>
						<line number="131" hits="0" branch="false"/>
						<line number="133" hits="0" branch="false"/>
					</lines>
				</class>
				<class name="org.apache.zookeeper.book.Client$2" filename="org/apache/zookeeper/book/Client.java" line-rate="0.0" branch-rate="0.0" complexity="1.9545454545454546">
					<methods>
						<method name="&lt;clinit&gt;" signature="()V" line-rate="0.0" branch-rate="1.0">
							<lines>
								<line number="147" hits="0" branch="false"/>
							</lines>
						</method>
						<method name="&lt;init&gt;" signature="(Lorg/apache/zookeeper/book/Client;)V" line-rate="1.0" branch-rate="1.0">
							<lines>
							</lines>
						</method>
						<method name="process" signature="(Lorg/apache/zookeeper/WatchedEvent;)V" line-rate="0.0" branch-rate="0.0">
							<lines>
								<line number="149" hits="0" branch="true" condition-coverage="0% (0/2)">
									<conditions>
										<condition number="0" type="jump" coverage="0%"/>
									</conditions>
								</line>
								<line number="150" hits="0" branch="true" condition-coverage="0% (0/4)">
									<conditions>
										<condition number="0" type="jump" coverage="0%"/>
										<condition number="1" type="jump" coverage="0%"/>
									</conditions>
								</line>
								<line number="151" hits="0" branch="true" condition-coverage="0% (0/4)">
									<conditions>
										<condition number="0" type="jump" coverage="0%"/>
										<condition number="1" type="jump" coverage="0%"/>
									</conditions>
								</line>
								<line number="153" hits="0" branch="false"/>
								<line number="158" hits="0" branch="false"/>
							</lines>
						</method>
					</methods>
					<lines>
						<line number="147" hits="0" branch="false"/>
						<line number="149" hits="0" branch="true" condition-coverage="0% (0/2)">
							<conditions>
								<condition number="0" type="jump" coverage="0%"/>
							</conditions>
						</line>
						<line number="150" hits="0" branch="true" condition-coverage="0% (0/4)">
							<conditions>
								<condition number="0" type="jump" coverage="0%"/>
								<condition number="1" type="jump" coverage="0%"/>
							</conditions>
						</line>
						<line number="151" hits="0" branch="true" condition-coverage="0% (0/4)">
							<conditions>
								<condition number="0" type="jump" coverage="0%"/>
								<condition number="1" type="jump" coverage="0%"/>
							</conditions>
						</line>
						<line number="153" hits="0" branch="false"/>
						<line number="158" hits="0" branch="false"/>
					</lines>
				</class>
				<class name="org.apache.zookeeper.book.Client$3" filename="org/apache/zookeeper/book/Client.java" line-rate="0.0" branch-rate="0.0" complexity="1.9545454545454546">
					<methods>
						<method name="&lt;init&gt;" signature="(Lorg/apache/zookeeper/book/Client;)V" line-rate="0.0" branch-rate="1.0">
							<lines>
								<line number="161" hits="0" branch="false"/>
							</lines>
						</method>
						<method name="processResult" signature="(ILjava/lang/String;Ljava/lang/Object;Lorg/apache/zookeeper/data/Stat;)V" line-rate="0.0" branch-rate="0.0">
							<lines>
								<line number="163" hits="0" branch="true" condition-coverage="0% (0/4)">
									<conditions>
										<condition number="0" type="switch" coverage="0%"/>
									</conditions>
								</line>
								<line number="165" hits="0" branch="false"/>
								<line number="167" hits="0" branch="false"/>
								<line number="169" hits="0" branch="true" condition-coverage="0% (0/2)">
									<conditions>
										<condition number="0" type="jump" coverage="0%"/>
									</conditions>
								</line>
								<line number="170" hits="0" branch="false"/>
								<line number="171" hits="0" branch="false"/>
								<line number="176" hits="0" branch="false"/>
								<line number="178" hits="0" branch="false"/>
								<line number="184" hits="0" branch="false"/>
							</lines>
						</method>
					</methods>
					<lines>
						<line number="161" hits="0" branch="false"/>
						<line number="163" hits="0" branch="true" condition-coverage="0% (0/4)">
							<conditions>
								<condition number="0" type="switch" coverage="0%"/>
							</conditions>
						</line>
						<line number="165" hits="0" branch="false"/>
						<line number="167" hits="0" branch="false"/>
						<line number="169" hits="0" branch="true" condition-coverage="0% (0/2)">
							<conditions>
								<condition number="0" type="jump" coverage="0%"/>
							</conditions>
						</line>
						<line number="170" hits="0" branch="false"/>
						<line number="171" hits="0" branch="false"/>
						<line number="176" hits="0" branch="false"/>
						<line number="178" hits="0" branch="false"/>
						<line number="184" hits="0" branch="false"/>
					</lines>
				</class>
				<class name="org.apache.zookeeper.book.Client$4" filename="org/apache/zookeeper/book/Client.java" line-rate="0.0" branch-rate="0.0" complexity="1.9545454545454546">
					<methods>
						<method name="&lt;clinit&gt;" signature="()V" line-rate="0.0" branch-rate="1.0">
							<lines>
								<line number="187" hits="0" branch="false"/>
							</lines>
						</method>
						<method name="&lt;init&gt;" signature="(Lorg/apache/zookeeper/book/Client;)V" line-rate="1.0" branch-rate="1.0">
							<lines>
							</lines>
						</method>
						<method name="processResult" signature="(ILjava/lang/String;Ljava/lang/Object;[BLorg/apache/zookeeper/data/Stat;)V" line-rate="0.0" branch-rate="0.0">
							<lines>
								<line number="189" hits="0" branch="true" condition-coverage="0% (0/4)">
									<conditions>
										<condition number="0" type="switch" coverage="0%"/>
									</conditions>
								</line>
								<line number="194" hits="0" branch="false"/>
								<line number="195" hits="0" branch="false"/>
								<line number="200" hits="0" branch="false"/>
								<line number="201" hits="0" branch="false"/>
								<line number="206" hits="0" branch="true" condition-coverage="0% (0/4)">
									<conditions>
										<condition number="0" type="jump" coverage="0%"/>
										<condition number="1" type="jump" coverage="0%"/>
									</conditions>
								</line>
								<line number="207" hits="0" branch="false"/>
								<line number="213" hits="0" branch="false"/>
								<line number="214" hits="0" branch="false"/>
								<line number="215" hits="0" branch="false"/>
								<line number="217" hits="0" branch="false"/>
								<line number="218" hits="0" branch="false"/>
								<line number="220" hits="0" branch="false"/>
								<line number="223" hits="0" branch="false"/>
							</lines>
						</method>
					</methods>
					<lines>
						<line number="187" hits="0" branch="false"/>
						<line number="189" hits="0" branch="true" condition-coverage="0% (0/4)">
							<conditions>
								<condition number="0" type="switch" coverage="0%"/>
							</conditions>
						</line>
						<line number="194" hits="0" branch="false"/>
						<line number="195" hits="0" branch="false"/>
						<line number="200" hits="0" branch="false"/>
						<line number="201" hits="0" branch="false"/>
						<line number="206" hits="0" branch="true" condition-coverage="0% (0/4)">
							<conditions>
								<condition number="0" type="jump" coverage="0%"/>
								<condition number="1" type="jump" coverage="0%"/>
							</conditions>
						</line>
						<line number="207" hits="0" branch="false"/>
						<line number="213" hits="0" branch="false"/>
						<line number="214" hits="0" branch="false"/>
						<line number="215" hits="0" branch="false"/>
						<line number="217" hits="0" branch="false"/>
						<line number="218" hits="0" branch="false"/>
						<line number="220" hits="0" branch="false"/>
						<line number="223" hits="0" branch="false"/>
					</lines>
				</class>
				<class name="org.apache.zookeeper.book.Client$5" filename="org/apache/zookeeper/book/Client.java" line-rate="0.0" branch-rate="0.0" complexity="1.9545454545454546">
					<methods>
						<method name="&lt;init&gt;" signature="(Lorg/apache/zookeeper/book/Client;)V" line-rate="0.0" branch-rate="1.0">
							<lines>
								<line number="226" hits="0" branch="false"/>
							</lines>
						</method>
						<method name="processResult" signature="(ILjava/lang/String;Ljava/lang/Object;)V" line-rate="0.0" branch-rate="0.0">
							<lines>
								<line number="228" hits="0" branch="true" condition-coverage="0% (0/3)">
									<conditions>
										<condition number="0" type="switch" coverage="0%"/>
									</conditions>
								</line>
								<line number="230" hits="0" branch="false"/>
								<line number="231" hits="0" branch="false"/>
								<line number="233" hits="0" branch="false"/>
								<line number="234" hits="0" branch="false"/>
								<line number="236" hits="0" branch="false"/>
								<line number="239" hits="0" branch="false"/>
							</lines>
						</method>
					</methods>
					<lines>
						<line number="226" hits="0" branch="false"/>
						<line number="228" hits="0" branch="true" condition-coverage="0% (0/3)">
							<conditions>
								<condition number="0" type="switch" coverage="0%"/>
							</conditions>
						</line>
						<line number="230" hits="0" branch="false"/>
						<line number="231" hits="0" branch="false"/>
						<line number="233" hits="0" branch="false"/>
						<line number="234" hits="0" branch="false"/>
						<line number="236" hits="0" branch="false"/>
						<line number="239" hits="0" branch="false"/>
					</lines>
				</class>
				<class name="org.apache.zookeeper.book.Client$6" filename="org/apache/zookeeper/book/Client.java" line-rate="0.0" branch-rate="1.0" complexity="1.9545454545454546">
					<methods>
						<method name="&lt;clinit&gt;" signature="()V" line-rate="0.0" branch-rate="1.0">
							<lines>
								<line number="62" hits="0" branch="false"/>
								<line number="113" hits="0" branch="false"/>
							</lines>
						</method>
					</methods>
					<lines>
						<line number="62" hits="0" branch="false"/>
						<line number="113" hits="0" branch="false"/>
					</lines>
				</class>
				<class name="org.apache.zookeeper.book.Client$TaskObject" filename="org/apache/zookeeper/book/Client.java" line-rate="0.0" branch-rate="1.0" complexity="1.9545454545454546">
					<methods>
						<method name="&lt;init&gt;" signature="()V" line-rate="0.0" branch-rate="1.0">
							<lines>
								<line number="243" hits="0" branch="false"/>
								<line number="246" hits="0" branch="false"/>
								<line number="247" hits="0" branch="false"/>
								<line number="248" hits="0" branch="false"/>
							</lines>
						</method>
						<method name="getTask" signature="()Ljava/lang/String;" line-rate="0.0" branch-rate="1.0">
							<lines>
								<line number="251" hits="0" branch="false"/>
							</lines>
						</method>
						<method name="getTaskName" signature="()Ljava/lang/String;" line-rate="0.0" branch-rate="1.0">
							<lines>
								<line number="263" hits="0" branch="false"/>
							</lines>
						</method>
						<method name="isDone" signature="()Z" line-rate="0.0" branch-rate="1.0">
							<lines>
								<line number="281" hits="0" branch="false"/>
							</lines>
						</method>
						<method name="isSuccesful" signature="()Z" line-rate="0.0" branch-rate="1.0">
							<lines>
								<line number="285" hits="0" branch="false"/>
							</lines>
						</method>
						<method name="setStatus" signature="(Z)V" line-rate="0.0" branch-rate="1.0">
							<lines>
								<line number="267" hits="0" branch="false"/>
								<line number="268" hits="0" branch="false"/>
								<line number="269" hits="0" branch="false"/>
								<line number="270" hits="0" branch="false"/>
							</lines>
						</method>
						<method name="setTask" signature="(Ljava/lang/String;)V" line-rate="0.0" branch-rate="1.0">
							<lines>
								<line number="255" hits="0" branch="false"/>
								<line number="256" hits="0" branch="false"/>
							</lines>
						</method>
						<method name="setTaskName" signature="(Ljava/lang/String;)V" line-rate="0.0" branch-rate="1.0">
							<lines>
								<line number="259" hits="0" branch="false"/>
								<line number="260" hits="0" branch="false"/>
							</lines>
						</method>
						<method name="waitUntilDone" signature="()V" line-rate="0.0" branch-rate="1.0">
							<lines>
								<line number="274" hits="0" branch="false"/>
								<line number="275" hits="0" branch="false"/>
								<line number="276" hits="0" branch="false"/>
								<line number="277" hits="0" branch="false"/>
								<line number="278" hits="0" branch="false"/>
							</lines>
						</method>
					</methods>
					<lines>
						<line number="243" hits="0" branch="false"/>
						<line number="246" hits="0" branch="false"/>
						<line number="247" hits="0" branch="false"/>
						<line number="248" hits="0" branch="false"/>
						<line number="251" hits="0" branch="false"/>
						<line number="255" hits="0" branch="false"/>
						<line number="256" hits="0" branch="false"/>
						<line number="259" hits="0" branch="false"/>
						<line number="260" hits="0" branch="false"/>
						<line number="263" hits="0" branch="false"/>
						<line number="267" hits="0" branch="false"/>
						<line number="268" hits="0" branch="false"/>
						<line number="269" hits="0" branch="false"/>
						<line number="270" hits="0" branch="false"/>
						<line number="274" hits="0" branch="false"/>
						<line number="275" hits="0" branch="false"/>
						<line number="276" hits="0" branch="false"/>
						<line number="277" hits="0" branch="false"/>
						<line number="278" hits="0" branch="false"/>
						<line number="281" hits="0" branch="false"/>
						<line number="285" hits="0" branch="false"/>
					</lines>
				</class>
				<class name="org.apache.zookeeper.book.Master" filename="org/apache/zookeeper/book/Master.java" line-rate="0.0" branch-rate="0.0" complexity="2.2444444444444445">
					<methods>
						<method name="&lt;clinit&gt;" signature="()V" line-rate="0.0" branch-rate="1.0">
							<lines>
								<line number="91" hits="0" branch="false"/>
							</lines>
						</method>
						<method name="&lt;init&gt;" signature="(Ljava/lang/String;)V" line-rate="0.0" branch-rate="1.0">
							<lines>
								<line number="101" hits="0" branch="false"/>
								<line number="107" hits="0" branch="false"/>
								<line number="110" hits="0" branch="false"/>
								<line number="111" hits="0" branch="false"/>
								<line number="112" hits="0" branch="false"/>
								<line number="122" hits="0" branch="false"/>
								<line number="123" hits="0" branch="false"/>
								<line number="124" hits="0" branch="false"/>
								<line number="194" hits="0" branch="false"/>
								<line number="263" hits="0" branch="false"/>
								<line number="296" hits="0" branch="false"/>
								<line number="319" hits="0" branch="false"/>
								<line number="367" hits="0" branch="false"/>
								<line number="421" hits="0" branch="false"/>
								<line number="438" hits="0" branch="false"/>
								<line number="487" hits="0" branch="false"/>
								<line number="551" hits="0" branch="false"/>
								<line number="586" hits="0" branch="false"/>
								<line number="619" hits="0" branch="false"/>
								<line number="643" hits="0" branch="false"/>
								<line number="660" hits="0" branch="false"/>
								<line number="702" hits="0" branch="false"/>
								<line number="743" hits="0" branch="false"/>
								<line number="773" hits="0" branch="false"/>
							</lines>
						</method>
						<method name="access$000" signature="()Lorg/slf4j/Logger;" line-rate="1.0" branch-rate="1.0">
							<lines>
							</lines>
						</method>
						<method name="access$100" signature="(Lorg/apache/zookeeper/book/Master;)Lorg/apache/zookeeper/book/Master$MasterStates;" line-rate="1.0" branch-rate="1.0">
							<lines>
							</lines>
						</method>
						<method name="access$102" signature="(Lorg/apache/zookeeper/book/Master;Lorg/apache/zookeeper/book/Master$MasterStates;)Lorg/apache/zookeeper/book/Master$MasterStates;" line-rate="1.0" branch-rate="1.0">
							<lines>
							</lines>
						</method>
						<method name="access$200" signature="(Lorg/apache/zookeeper/book/Master;)Ljava/lang/String;" line-rate="1.0" branch-rate="1.0">
							<lines>
							</lines>
						</method>
						<method name="access$300" signature="(Lorg/apache/zookeeper/book/Master;)Ljava/util/Random;" line-rate="0.0" branch-rate="1.0">
							<lines>
								<line number="90" hits="0" branch="false"/>
							</lines>
						</method>
						<method name="assignTasks" signature="(Ljava/util/List;)V" line-rate="0.0" branch-rate="0.0">
							<lines>
								<line number="690" hits="0" branch="true" condition-coverage="0% (0/2)">
									<conditions>
										<condition number="0" type="jump" coverage="0%"/>
									</conditions>
								</line>
								<line number="691" hits="0" branch="false"/>
								<line number="692" hits="0" branch="false"/>
								<line number="693" hits="0" branch="false"/>
							</lines>
						</method>
						<method name="bootstrap" signature="()V" line-rate="0.0" branch-rate="1.0">
							<lines>
								<line number="179" hits="0" branch="false"/>
								<line number="180" hits="0" branch="false"/>
								<line number="181" hits="0" branch="false"/>
								<line number="182" hits="0" branch="false"/>
								<line number="183" hits="0" branch="false"/>
							</lines>
						</method>
						<method name="checkMaster" signature="()V" line-rate="0.0" branch-rate="1.0">
							<lines>
								<line number="396" hits="0" branch="false"/>
								<line number="397" hits="0" branch="false"/>
							</lines>
						</method>
						<method name="close" signature="()V" line-rate="0.0" branch-rate="0.0">
							<lines>
								<line number="802" hits="0" branch="true" condition-coverage="0% (0/2)">
									<conditions>
										<condition number="0" type="jump" coverage="0%"/>
									</conditions>
								</line>
								<line number="804" hits="0" branch="false"/>
								<line number="805" hits="0" branch="false"/>
								<line number="806" hits="0" branch="false"/>
								<line number="807" hits="0" branch="false"/>
								<line number="809" hits="0" branch="false"/>
							</lines>
						</method>
						<method name="createAssignment" signature="(Ljava/lang/String;[B)V" line-rate="0.0" branch-rate="1.0">
							<lines>
								<line number="735" hits="0" branch="false"/>
								<line number="741" hits="0" branch="false"/>
							</lines>
						</method>
						<method name="createParent" signature="(Ljava/lang/String;[B)V" line-rate="0.0" branch-rate="1.0">
							<lines>
								<line number="186" hits="0" branch="false"/>
								<line number="192" hits="0" branch="false"/>
							</lines>
						</method>
						<method name="deleteAssignment" signature="(Ljava/lang/String;)V" line-rate="0.0" branch-rate="1.0">
							<lines>
								<line number="616" hits="0" branch="false"/>
								<line number="617" hits="0" branch="false"/>
							</lines>
						</method>
						<method name="deleteTask" signature="(Ljava/lang/String;)V" line-rate="0.0" branch-rate="1.0">
							<lines>
								<line number="770" hits="0" branch="false"/>
								<line number="771" hits="0" branch="false"/>
							</lines>
						</method>
						<method name="getAbsentWorkerTasks" signature="(Ljava/lang/String;)V" line-rate="0.0" branch-rate="1.0">
							<lines>
								<line number="484" hits="0" branch="false"/>
								<line number="485" hits="0" branch="false"/>
							</lines>
						</method>
						<method name="getDataReassign" signature="(Ljava/lang/String;Ljava/lang/String;)V" line-rate="0.0" branch-rate="1.0">
							<lines>
								<line number="526" hits="0" branch="false"/>
								<line number="530" hits="0" branch="false"/>
							</lines>
						</method>
						<method name="getState" signature="()Lorg/apache/zookeeper/book/Master$MasterStates;" line-rate="0.0" branch-rate="1.0">
							<lines>
								<line number="104" hits="0" branch="false"/>
							</lines>
						</method>
						<method name="getTaskData" signature="(Ljava/lang/String;)V" line-rate="0.0" branch-rate="1.0">
							<lines>
								<line number="696" hits="0" branch="false"/>
								<line number="700" hits="0" branch="false"/>
							</lines>
						</method>
						<method name="getTasks" signature="()V" line-rate="0.0" branch-rate="1.0">
							<lines>
								<line number="654" hits="0" branch="false"/>
								<line number="658" hits="0" branch="false"/>
							</lines>
						</method>
						<method name="getWorkers" signature="()V" line-rate="0.0" branch-rate="1.0">
							<lines>
								<line number="432" hits="0" branch="false"/>
								<line number="436" hits="0" branch="false"/>
							</lines>
						</method>
						<method name="getWorkersSize" signature="()I" line-rate="0.0" branch-rate="0.0">
							<lines>
								<line number="414" hits="0" branch="true" condition-coverage="0% (0/2)">
									<conditions>
										<condition number="0" type="jump" coverage="0%"/>
									</conditions>
								</line>
								<line number="415" hits="0" branch="false"/>
								<line number="417" hits="0" branch="false"/>
							</lines>
						</method>
						<method name="isConnected" signature="()Z" line-rate="0.0" branch-rate="1.0">
							<lines>
								<line number="227" hits="0" branch="false"/>
							</lines>
						</method>
						<method name="isExpired" signature="()Z" line-rate="0.0" branch-rate="1.0">
							<lines>
								<line number="236" hits="0" branch="false"/>
							</lines>
						</method>
						<method name="main" signature="([Ljava/lang/String;)V" line-rate="0.0" branch-rate="0.0">
							<lines>
								<line number="818" hits="0" branch="false"/>
								<line number="819" hits="0" branch="false"/>
								<line number="821" hits="0" branch="true" condition-coverage="0% (0/2)">
									<conditions>
										<condition number="0" type="jump" coverage="0%"/>
									</conditions>
								</line>
								<line number="822" hits="0" branch="false"/>
								<line number="827" hits="0" branch="false"/>
								<line number="832" hits="0" branch="false"/>
								<line number="834" hits="0" branch="true" condition-coverage="0% (0/2)">
									<conditions>
										<condition number="0" type="jump" coverage="0%"/>
									</conditions>
								</line>
								<line number="835" hits="0" branch="false"/>
								<line number="838" hits="0" branch="false"/>
								<line number="839" hits="0" branch="false"/>
							</lines>
						</method>
						<method name="masterExists" signature="()V" line-rate="0.0" branch-rate="1.0">
							<lines>
								<line number="290" hits="0" branch="false"/>
								<line number="294" hits="0" branch="false"/>
							</lines>
						</method>
						<method name="process" signature="(Lorg/apache/zookeeper/WatchedEvent;)V" line-rate="0.0" branch-rate="0.0">
							<lines>
								<line number="153" hits="0" branch="false"/>
								<line number="154" hits="0" branch="true" condition-coverage="0% (0/2)">
									<conditions>
										<condition number="0" type="jump" coverage="0%"/>
									</conditions>
								</line>
								<line number="155" hits="0" branch="true" condition-coverage="0% (0/4)">
									<conditions>
										<condition number="0" type="switch" coverage="0%"/>
									</conditions>
								</line>
								<line number="157" hits="0" branch="false"/>
								<line number="158" hits="0" branch="false"/>
								<line number="160" hits="0" branch="false"/>
								<line number="161" hits="0" branch="false"/>
								<line number="163" hits="0" branch="false"/>
								<line number="164" hits="0" branch="false"/>
								<line number="165" hits="0" branch="false"/>
								<line number="170" hits="0" branch="false"/>
							</lines>
						</method>
						<method name="reassignAndSet" signature="(Ljava/util/List;)V" line-rate="0.0" branch-rate="0.0">
							<lines>
								<line number="468" hits="0" branch="true" condition-coverage="0% (0/2)">
									<conditions>
										<condition number="0" type="jump" coverage="0%"/>
									</conditions>
								</line>
								<line number="469" hits="0" branch="false"/>
								<line number="470" hits="0" branch="false"/>
								<line number="472" hits="0" branch="false"/>
								<line number="473" hits="0" branch="false"/>
								<line number="476" hits="0" branch="true" condition-coverage="0% (0/2)">
									<conditions>
										<condition number="0" type="jump" coverage="0%"/>
									</conditions>
								</line>
								<line number="477" hits="0" branch="true" condition-coverage="0% (0/2)">
									<conditions>
										<condition number="0" type="jump" coverage="0%"/>
									</conditions>
								</line>
								<line number="478" hits="0" branch="false"/>
								<line number="479" hits="0" branch="false"/>
								<line number="481" hits="0" branch="false"/>
							</lines>
						</method>
						<method name="recreateTask" signature="(Lorg/apache/zookeeper/book/Master$RecreateTaskCtx;)V" line-rate="0.0" branch-rate="1.0">
							<lines>
								<line number="575" hits="0" branch="false"/>
								<line number="581" hits="0" branch="false"/>
							</lines>
						</method>
						<method name="runForMaster" signature="()V" line-rate="0.0" branch-rate="1.0">
							<lines>
								<line number="358" hits="0" branch="false"/>
								<line number="359" hits="0" branch="false"/>
								<line number="365" hits="0" branch="false"/>
							</lines>
						</method>
						<method name="startZK" signature="()V" line-rate="0.0" branch-rate="1.0">
							<lines>
								<line number="133" hits="0" branch="false"/>
								<line number="134" hits="0" branch="false"/>
							</lines>
						</method>
						<method name="stopZK" signature="()V" line-rate="0.0" branch-rate="1.0">
							<lines>
								<line number="142" hits="0" branch="false"/>
								<line number="143" hits="0" branch="false"/>
							</lines>
						</method>
						<method name="takeLeadership" signature="()V" line-rate="0.0" branch-rate="1.0">
							<lines>
								<line number="330" hits="0" branch="false"/>
								<line number="331" hits="0" branch="false"/>
								<line number="333" hits="0" branch="false"/>
								<line number="343" hits="0" branch="false"/>
							</lines>
						</method>
					</methods>
					<lines>
						<line number="90" hits="0" branch="false"/>
						<line number="91" hits="0" branch="false"/>
						<line number="101" hits="0" branch="false"/>
						<line number="104" hits="0" branch="false"/>
						<line number="107" hits="0" branch="false"/>
						<line number="110" hits="0" branch="false"/>
						<line number="111" hits="0" branch="false"/>
						<line number="112" hits="0" branch="false"/>
						<line number="122" hits="0" branch="false"/>
						<line number="123" hits="0" branch="false"/>
						<line number="124" hits="0" branch="false"/>
						<line number="133" hits="0" branch="false"/>
						<line number="134" hits="0" branch="false"/>
						<line number="142" hits="0" branch="false"/>
						<line number="143" hits="0" branch="false"/>
						<line number="153" hits="0" branch="false"/>
						<line number="154" hits="0" branch="true" condition-coverage="0% (0/2)">
							<conditions>
								<condition number="0" type="jump" coverage="0%"/>
							</conditions>
						</line>
						<line number="155" hits="0" branch="true" condition-coverage="0% (0/4)">
							<conditions>
								<condition number="0" type="switch" coverage="0%"/>
							</conditions>
						</line>
						<line number="157" hits="0" branch="false"/>
						<line number="158" hits="0" branch="false"/>
						<line number="160" hits="0" branch="false"/>
						<line number="161" hits="0" branch="false"/>
						<line number="163" hits="0" branch="false"/>
						<line number="164" hits="0" branch="false"/>
						<line number="165" hits="0" branch="false"/>
						<line number="170" hits="0" branch="false"/>
						<line number="179" hits="0" branch="false"/>
						<line number="180" hits="0" branch="false"/>
						<line number="181" hits="0" branch="false"/>
						<line number="182" hits="0" branch="false"/>
						<line number="183" hits="0" branch="false"/>
						<line number="186" hits="0" branch="false"/>
						<line number="192" hits="0" branch="false"/>
						<line number="194" hits="0" branch="false"/>
						<line number="227" hits="0" branch="false"/>
						<line number="236" hits="0" branch="false"/>
						<line number="263" hits="0" branch="false"/>
						<line number="290" hits="0" branch="false"/>
						<line number="294" hits="0" branch="false"/>
						<line number="296" hits="0" branch="false"/>
						<line number="319" hits="0" branch="false"/>
						<line number="330" hits="0" branch="false"/>
						<line number="331" hits="0" branch="false"/>
						<line number="333" hits="0" branch="false"/>
						<line number="343" hits="0" branch="false"/>
						<line number="358" hits="0" branch="false"/>
						<line number="359" hits="0" branch="false"/>
						<line number="365" hits="0" branch="false"/>
						<line number="367" hits="0" branch="false"/>
						<line number="396" hits="0" branch="false"/>
						<line number="397" hits="0" branch="false"/>
						<line number="414" hits="0" branch="true" condition-coverage="0% (0/2)">
							<conditions>
								<condition number="0" type="jump" coverage="0%"/>
							</conditions>
						</line>
						<line number="415" hits="0" branch="false"/>
						<line number="417" hits="0" branch="false"/>
						<line number="421" hits="0" branch="false"/>
						<line number="432" hits="0" branch="false"/>
						<line number="436" hits="0" branch="false"/>
						<line number="438" hits="0" branch="false"/>
						<line number="468" hits="0" branch="true" condition-coverage="0% (0/2)">
							<conditions>
								<condition number="0" type="jump" coverage="0%"/>
							</conditions>
						</line>
						<line number="469" hits="0" branch="false"/>
						<line number="470" hits="0" branch="false"/>
						<line number="472" hits="0" branch="false"/>
						<line number="473" hits="0" branch="false"/>
						<line number="476" hits="0" branch="true" condition-coverage="0% (0/2)">
							<conditions>
								<condition number="0" type="jump" coverage="0%"/>
							</conditions>
						</line>
						<line number="477" hits="0" branch="true" condition-coverage="0% (0/2)">
							<conditions>
								<condition number="0" type="jump" coverage="0%"/>
							</conditions>
						</line>
						<line number="478" hits="0" branch="false"/>
						<line number="479" hits="0" branch="false"/>
						<line number="481" hits="0" branch="false"/>
						<line number="484" hits="0" branch="false"/>
						<line number="485" hits="0" branch="false"/>
						<line number="487" hits="0" branch="false"/>
						<line number="526" hits="0" branch="false"/>
						<line number="530" hits="0" branch="false"/>
						<line number="551" hits="0" branch="false"/>
						<line number="575" hits="0" branch="false"/>
						<line number="581" hits="0" branch="false"/>
						<line number="586" hits="0" branch="false"/>
						<line number="616" hits="0" branch="false"/>
						<line number="617" hits="0" branch="false"/>
						<line number="619" hits="0" branch="false"/>
						<line number="643" hits="0" branch="false"/>
						<line number="654" hits="0" branch="false"/>
						<line number="658" hits="0" branch="false"/>
						<line number="660" hits="0" branch="false"/>
						<line number="690" hits="0" branch="true" condition-coverage="0% (0/2)">
							<conditions>
								<condition number="0" type="jump" coverage="0%"/>
							</conditions>
						</line>
						<line number="691" hits="0" branch="false"/>
						<line number="692" hits="0" branch="false"/>
						<line number="693" hits="0" branch="false"/>
						<line number="696" hits="0" branch="false"/>
						<line number="700" hits="0" branch="false"/>
						<line number="702" hits="0" branch="false"/>
						<line number="735" hits="0" branch="false"/>
						<line number="741" hits="0" branch="false"/>
						<line number="743" hits="0" branch="false"/>
						<line number="770" hits="0" branch="false"/>
						<line number="771" hits="0" branch="false"/>
						<line number="773" hits="0" branch="false"/>
						<line number="802" hits="0" branch="true" condition-coverage="0% (0/2)">
							<conditions>
								<condition number="0" type="jump" coverage="0%"/>
							</conditions>
						</line>
						<line number="804" hits="0" branch="false"/>
						<line number="805" hits="0" branch="false"/>
						<line number="806" hits="0" branch="false"/>
						<line number="807" hits="0" branch="false"/>
						<line number="809" hits="0" branch="false"/>
						<line number="818" hits="0" branch="false"/>
						<line number="819" hits="0" branch="false"/>
						<line number="821" hits="0" branch="true" condition-coverage="0% (0/2)">
							<conditions>
								<condition number="0" type="jump" coverage="0%"/>
							</conditions>
						</line>
						<line number="822" hits="0" branch="false"/>
						<line number="827" hits="0" branch="false"/>
						<line number="832" hits="0" branch="false"/>
						<line number="834" hits="0" branch="true" condition-coverage="0% (0/2)">
							<conditions>
								<condition number="0" type="jump" coverage="0%"/>
							</conditions>
						</line>
						<line number="835" hits="0" branch="false"/>
						<line number="838" hits="0" branch="false"/>
						<line number="839" hits="0" branch="false"/>
					</lines>
				</class>
				<class name="org.apache.zookeeper.book.Master$1" filename="org/apache/zookeeper/book/Master.java" line-rate="0.0" branch-rate="0.0" complexity="2.2444444444444445">
					<methods>
						<method name="&lt;init&gt;" signature="(Lorg/apache/zookeeper/book/Master;)V" line-rate="0.0" branch-rate="1.0">
							<lines>
								<line number="194" hits="0" branch="false"/>
							</lines>
						</method>
						<method name="processResult" signature="(ILjava/lang/String;Ljava/lang/Object;Ljava/lang/String;)V" line-rate="0.0" branch-rate="0.0">
							<lines>
								<line number="196" hits="0" branch="true" condition-coverage="0% (0/4)">
									<conditions>
										<condition number="0" type="switch" coverage="0%"/>
									</conditions>
								</line>
								<line number="203" hits="0" branch="false"/>
								<line number="205" hits="0" branch="false"/>
								<line number="207" hits="0" branch="false"/>
								<line number="209" hits="0" branch="false"/>
								<line number="211" hits="0" branch="false"/>
								<line number="213" hits="0" branch="false"/>
								<line number="215" hits="0" branch="false"/>
								<line number="218" hits="0" branch="false"/>
							</lines>
						</method>
					</methods>
					<lines>
						<line number="194" hits="0" branch="false"/>
						<line number="196" hits="0" branch="true" condition-coverage="0% (0/4)">
							<conditions>
								<condition number="0" type="switch" coverage="0%"/>
							</conditions>
						</line>
						<line number="203" hits="0" branch="false"/>
						<line number="205" hits="0" branch="false"/>
						<line number="207" hits="0" branch="false"/>
						<line number="209" hits="0" branch="false"/>
						<line number="211" hits="0" branch="false"/>
						<line number="213" hits="0" branch="false"/>
						<line number="215" hits="0" branch="false"/>
						<line number="218" hits="0" branch="false"/>
					</lines>
				</class>
				<class name="org.apache.zookeeper.book.Master$10" filename="org/apache/zookeeper/book/Master.java" line-rate="0.0" branch-rate="0.0" complexity="2.2444444444444445">
					<methods>
						<method name="&lt;init&gt;" signature="(Lorg/apache/zookeeper/book/Master;)V" line-rate="0.0" branch-rate="1.0">
							<lines>
								<line number="551" hits="0" branch="false"/>
							</lines>
						</method>
						<method name="processResult" signature="(ILjava/lang/String;Ljava/lang/Object;[BLorg/apache/zookeeper/data/Stat;)V" line-rate="0.0" branch-rate="0.0">
							<lines>
								<line number="553" hits="0" branch="true" condition-coverage="0% (0/3)">
									<conditions>
										<condition number="0" type="switch" coverage="0%"/>
									</conditions>
								</line>
								<line number="555" hits="0" branch="false"/>
								<line number="557" hits="0" branch="false"/>
								<line number="559" hits="0" branch="false"/>
								<line number="561" hits="0" branch="false"/>
								<line number="563" hits="0" branch="false"/>
								<line number="566" hits="0" branch="false"/>
							</lines>
						</method>
					</methods>
					<lines>
						<line number="551" hits="0" branch="false"/>
						<line number="553" hits="0" branch="true" condition-coverage="0% (0/3)">
							<conditions>
								<condition number="0" type="switch" coverage="0%"/>
							</conditions>
						</line>
						<line number="555" hits="0" branch="false"/>
						<line number="557" hits="0" branch="false"/>
						<line number="559" hits="0" branch="false"/>
						<line number="561" hits="0" branch="false"/>
						<line number="563" hits="0" branch="false"/>
						<line number="566" hits="0" branch="false"/>
					</lines>
				</class>
				<class name="org.apache.zookeeper.book.Master$11" filename="org/apache/zookeeper/book/Master.java" line-rate="0.0" branch-rate="0.0" complexity="2.2444444444444445">
					<methods>
						<method name="&lt;init&gt;" signature="(Lorg/apache/zookeeper/book/Master;)V" line-rate="0.0" branch-rate="1.0">
							<lines>
								<line number="586" hits="0" branch="false"/>
							</lines>
						</method>
						<method name="processResult" signature="(ILjava/lang/String;Ljava/lang/Object;Ljava/lang/String;)V" line-rate="0.0" branch-rate="0.0">
							<lines>
								<line number="588" hits="0" branch="true" condition-coverage="0% (0/4)">
									<conditions>
										<condition number="0" type="switch" coverage="0%"/>
									</conditions>
								</line>
								<line number="590" hits="0" branch="false"/>
								<line number="592" hits="0" branch="false"/>
								<line number="594" hits="0" branch="false"/>
								<line number="596" hits="0" branch="false"/>
								<line number="598" hits="0" branch="false"/>
								<line number="600" hits="0" branch="false"/>
								<line number="602" hits="0" branch="false"/>
								<line number="604" hits="0" branch="false"/>
								<line number="607" hits="0" branch="false"/>
							</lines>
						</method>
					</methods>
					<lines>
						<line number="586" hits="0" branch="false"/>
						<line number="588" hits="0" branch="true" condition-coverage="0% (0/4)">
							<conditions>
								<condition number="0" type="switch" coverage="0%"/>
							</conditions>
						</line>
						<line number="590" hits="0" branch="false"/>
						<line number="592" hits="0" branch="false"/>
						<line number="594" hits="0" branch="false"/>
						<line number="596" hits="0" branch="false"/>
						<line number="598" hits="0" branch="false"/>
						<line number="600" hits="0" branch="false"/>
						<line number="602" hits="0" branch="false"/>
						<line number="604" hits="0" branch="false"/>
						<line number="607" hits="0" branch="false"/>
					</lines>
				</class>
				<class name="org.apache.zookeeper.book.Master$12" filename="org/apache/zookeeper/book/Master.java" line-rate="0.0" branch-rate="0.0" complexity="2.2444444444444445">
					<methods>
						<method name="&lt;init&gt;" signature="(Lorg/apache/zookeeper/book/Master;)V" line-rate="0.0" branch-rate="1.0">
							<lines>
								<line number="619" hits="0" branch="false"/>
							</lines>
						</method>
						<method name="processResult" signature="(ILjava/lang/String;Ljava/lang/Object;)V" line-rate="0.0" branch-rate="0.0">
							<lines>
								<line number="621" hits="0" branch="true" condition-coverage="0% (0/3)">
									<conditions>
										<condition number="0" type="switch" coverage="0%"/>
									</conditions>
								</line>
								<line number="623" hits="0" branch="false"/>
								<line number="624" hits="0" branch="false"/>
								<line number="626" hits="0" branch="false"/>
								<line number="627" hits="0" branch="false"/>
								<line number="629" hits="0" branch="false"/>
								<line number="632" hits="0" branch="false"/>
							</lines>
						</method>
					</methods>
					<lines>
						<line number="619" hits="0" branch="false"/>
						<line number="621" hits="0" branch="true" condition-coverage="0% (0/3)">
							<conditions>
								<condition number="0" type="switch" coverage="0%"/>
							</conditions>
						</line>
						<line number="623" hits="0" branch="false"/>
						<line number="624" hits="0" branch="false"/>
						<line number="626" hits="0" branch="false"/>
						<line number="627" hits="0" branch="false"/>
						<line number="629" hits="0" branch="false"/>
						<line number="632" hits="0" branch="false"/>
					</lines>
				</class>
				<class name="org.apache.zookeeper.book.Master$13" filename="org/apache/zookeeper/book/Master.java" line-rate="0.0" branch-rate="0.0" complexity="2.2444444444444445">
					<methods>
						<method name="&lt;clinit&gt;" signature="()V" line-rate="0.0" branch-rate="1.0">
							<lines>
								<line number="643" hits="0" branch="false"/>
							</lines>
						</method>
						<method name="&lt;init&gt;" signature="(Lorg/apache/zookeeper/book/Master;)V" line-rate="1.0" branch-rate="1.0">
							<lines>
							</lines>
						</method>
						<method name="process" signature="(Lorg/apache/zookeeper/WatchedEvent;)V" line-rate="0.0" branch-rate="0.0">
							<lines>
								<line number="645" hits="0" branch="true" condition-coverage="0% (0/2)">
									<conditions>
										<condition number="0" type="jump" coverage="0%"/>
									</conditions>
								</line>
								<line number="646" hits="0" branch="true" condition-coverage="0% (0/4)">
									<conditions>
										<condition number="0" type="jump" coverage="0%"/>
										<condition number="1" type="jump" coverage="0%"/>
									</conditions>
								</line>
								<line number="648" hits="0" branch="false"/>
								<line number="650" hits="0" branch="false"/>
							</lines>
						</method>
					</methods>
					<lines>
						<line number="643" hits="0" branch="false"/>
						<line number="645" hits="0" branch="true" condition-coverage="0% (0/2)">
							<conditions>
								<condition number="0" type="jump" coverage="0%"/>
							</conditions>
						</line>
						<line number="646" hits="0" branch="true" condition-coverage="0% (0/4)">
							<conditions>
								<condition number="0" type="jump" coverage="0%"/>
								<condition number="1" type="jump" coverage="0%"/>
							</conditions>
						</line>
						<line number="648" hits="0" branch="false"/>
						<line number="650" hits="0" branch="false"/>
					</lines>
				</class>
				<class name="org.apache.zookeeper.book.Master$14" filename="org/apache/zookeeper/book/Master.java" line-rate="0.0" branch-rate="0.0" complexity="2.2444444444444445">
					<methods>
						<method name="&lt;init&gt;" signature="(Lorg/apache/zookeeper/book/Master;)V" line-rate="0.0" branch-rate="1.0">
							<lines>
								<line number="660" hits="0" branch="false"/>
							</lines>
						</method>
						<method name="processResult" signature="(ILjava/lang/String;Ljava/lang/Object;Ljava/util/List;)V" line-rate="0.0" branch-rate="0.0">
							<lines>
								<line number="662" hits="0" branch="true" condition-coverage="0% (0/3)">
									<conditions>
										<condition number="0" type="switch" coverage="0%"/>
									</conditions>
								</line>
								<line number="664" hits="0" branch="false"/>
								<line number="666" hits="0" branch="false"/>
								<line number="669" hits="0" branch="true" condition-coverage="0% (0/2)">
									<conditions>
										<condition number="0" type="jump" coverage="0%"/>
									</conditions>
								</line>
								<line number="670" hits="0" branch="false"/>
								<line number="672" hits="0" branch="false"/>
								<line number="674" hits="0" branch="false"/>
								<line number="677" hits="0" branch="true" condition-coverage="0% (0/2)">
									<conditions>
										<condition number="0" type="jump" coverage="0%"/>
									</conditions>
								</line>
								<line number="678" hits="0" branch="false"/>
								<line number="683" hits="0" branch="false"/>
								<line number="686" hits="0" branch="false"/>
							</lines>
						</method>
					</methods>
					<lines>
						<line number="660" hits="0" branch="false"/>
						<line number="662" hits="0" branch="true" condition-coverage="0% (0/3)">
							<conditions>
								<condition number="0" type="switch" coverage="0%"/>
							</conditions>
						</line>
						<line number="664" hits="0" branch="false"/>
						<line number="666" hits="0" branch="false"/>
						<line number="669" hits="0" branch="true" condition-coverage="0% (0/2)">
							<conditions>
								<condition number="0" type="jump" coverage="0%"/>
							</conditions>
						</line>
						<line number="670" hits="0" branch="false"/>
						<line number="672" hits="0" branch="false"/>
						<line number="674" hits="0" branch="false"/>
						<line number="677" hits="0" branch="true" condition-coverage="0% (0/2)">
							<conditions>
								<condition number="0" type="jump" coverage="0%"/>
							</conditions>
						</line>
						<line number="678" hits="0" branch="false"/>
						<line number="683" hits="0" branch="false"/>
						<line number="686" hits="0" branch="false"/>
					</lines>
				</class>
				<class name="org.apache.zookeeper.book.Master$15" filename="org/apache/zookeeper/book/Master.java" line-rate="0.0" branch-rate="0.0" complexity="2.2444444444444445">
					<methods>
						<method name="&lt;init&gt;" signature="(Lorg/apache/zookeeper/book/Master;)V" line-rate="0.0" branch-rate="1.0">
							<lines>
								<line number="702" hits="0" branch="false"/>
							</lines>
						</method>
						<method name="processResult" signature="(ILjava/lang/String;Ljava/lang/Object;[BLorg/apache/zookeeper/data/Stat;)V" line-rate="0.0" branch-rate="0.0">
							<lines>
								<line number="704" hits="0" branch="true" condition-coverage="0% (0/3)">
									<conditions>
										<condition number="0" type="switch" coverage="0%"/>
									</conditions>
								</line>
								<line number="706" hits="0" branch="false"/>
								<line number="708" hits="0" branch="false"/>
								<line number="713" hits="0" branch="false"/>
								<line number="714" hits="0" branch="false"/>
								<line number="719" hits="0" branch="false"/>
								<line number="723" hits="0" branch="false"/>
								<line number="724" hits="0" branch="false"/>
								<line number="726" hits="0" branch="false"/>
								<line number="728" hits="0" branch="false"/>
								<line number="731" hits="0" branch="false"/>
							</lines>
						</method>
					</methods>
					<lines>
						<line number="702" hits="0" branch="false"/>
						<line number="704" hits="0" branch="true" condition-coverage="0% (0/3)">
							<conditions>
								<condition number="0" type="switch" coverage="0%"/>
							</conditions>
						</line>
						<line number="706" hits="0" branch="false"/>
						<line number="708" hits="0" branch="false"/>
						<line number="713" hits="0" branch="false"/>
						<line number="714" hits="0" branch="false"/>
						<line number="719" hits="0" branch="false"/>
						<line number="723" hits="0" branch="false"/>
						<line number="724" hits="0" branch="false"/>
						<line number="726" hits="0" branch="false"/>
						<line number="728" hits="0" branch="false"/>
						<line number="731" hits="0" branch="false"/>
					</lines>
				</class>
				<class name="org.apache.zookeeper.book.Master$16" filename="org/apache/zookeeper/book/Master.java" line-rate="0.0" branch-rate="0.0" complexity="2.2444444444444445">
					<methods>
						<method name="&lt;init&gt;" signature="(Lorg/apache/zookeeper/book/Master;)V" line-rate="0.0" branch-rate="1.0">
							<lines>
								<line number="743" hits="0" branch="false"/>
							</lines>
						</method>
						<method name="processResult" signature="(ILjava/lang/String;Ljava/lang/Object;Ljava/lang/String;)V" line-rate="0.0" branch-rate="0.0">
							<lines>
								<line number="745" hits="0" branch="true" condition-coverage="0% (0/4)">
									<conditions>
										<condition number="0" type="switch" coverage="0%"/>
									</conditions>
								</line>
								<line number="747" hits="0" branch="false"/>
								<line number="749" hits="0" branch="false"/>
								<line number="751" hits="0" branch="false"/>
								<line number="752" hits="0" branch="false"/>
								<line number="754" hits="0" branch="false"/>
								<line number="756" hits="0" branch="false"/>
								<line number="758" hits="0" branch="false"/>
								<line number="760" hits="0" branch="false"/>
								<line number="763" hits="0" branch="false"/>
							</lines>
						</method>
					</methods>
					<lines>
						<line number="743" hits="0" branch="false"/>
						<line number="745" hits="0" branch="true" condition-coverage="0% (0/4)">
							<conditions>
								<condition number="0" type="switch" coverage="0%"/>
							</conditions>
						</line>
						<line number="747" hits="0" branch="false"/>
						<line number="749" hits="0" branch="false"/>
						<line number="751" hits="0" branch="false"/>
						<line number="752" hits="0" branch="false"/>
						<line number="754" hits="0" branch="false"/>
						<line number="756" hits="0" branch="false"/>
						<line number="758" hits="0" branch="false"/>
						<line number="760" hits="0" branch="false"/>
						<line number="763" hits="0" branch="false"/>
					</lines>
				</class>
				<class name="org.apache.zookeeper.book.Master$17" filename="org/apache/zookeeper/book/Master.java" line-rate="0.0" branch-rate="0.0" complexity="2.2444444444444445">
					<methods>
						<method name="&lt;init&gt;" signature="(Lorg/apache/zookeeper/book/Master;)V" line-rate="0.0" branch-rate="1.0">
							<lines>
								<line number="773" hits="0" branch="false"/>
							</lines>
						</method>
						<method name="processResult" signature="(ILjava/lang/String;Ljava/lang/Object;)V" line-rate="0.0" branch-rate="0.0">
							<lines>
								<line number="775" hits="0" branch="true" condition-coverage="0% (0/5)">
									<conditions>
										<condition number="0" type="switch" coverage="0%"/>
									</conditions>
								</line>
								<line number="777" hits="0" branch="false"/>
								<line number="779" hits="0" branch="false"/>
								<line number="781" hits="0" branch="false"/>
								<line number="783" hits="0" branch="false"/>
								<line number="785" hits="0" branch="false"/>
								<line number="787" hits="0" branch="false"/>
								<line number="789" hits="0" branch="false"/>
								<line number="792" hits="0" branch="false"/>
							</lines>
						</method>
					</methods>
					<lines>
						<line number="773" hits="0" branch="false"/>
						<line number="775" hits="0" branch="true" condition-coverage="0% (0/5)">
							<conditions>
								<condition number="0" type="switch" coverage="0%"/>
							</conditions>
						</line>
						<line number="777" hits="0" branch="false"/>
						<line number="779" hits="0" branch="false"/>
						<line number="781" hits="0" branch="false"/>
						<line number="783" hits="0" branch="false"/>
						<line number="785" hits="0" branch="false"/>
						<line number="787" hits="0" branch="false"/>
						<line number="789" hits="0" branch="false"/>
						<line number="792" hits="0" branch="false"/>
					</lines>
				</class>
				<class name="org.apache.zookeeper.book.Master$18" filename="org/apache/zookeeper/book/Master.java" line-rate="0.0" branch-rate="1.0" complexity="2.2444444444444445">
					<methods>
						<method name="&lt;clinit&gt;" signature="()V" line-rate="0.0" branch-rate="1.0">
							<lines>
								<line number="155" hits="0" branch="false"/>
								<line number="196" hits="0" branch="false"/>
							</lines>
						</method>
					</methods>
					<lines>
						<line number="155" hits="0" branch="false"/>
						<line number="196" hits="0" branch="false"/>
					</lines>
				</class>
				<class name="org.apache.zookeeper.book.Master$2" filename="org/apache/zookeeper/book/Master.java" line-rate="0.0" branch-rate="0.0" complexity="2.2444444444444445">
					<methods>
						<method name="&lt;init&gt;" signature="(Lorg/apache/zookeeper/book/Master;)V" line-rate="0.0" branch-rate="1.0">
							<lines>
								<line number="263" hits="0" branch="false"/>
							</lines>
						</method>
						<method name="processResult" signature="(ILjava/lang/String;Ljava/lang/Object;Ljava/lang/String;)V" line-rate="0.0" branch-rate="0.0">
							<lines>
								<line number="265" hits="0" branch="true" condition-coverage="0% (0/4)">
									<conditions>
										<condition number="0" type="switch" coverage="0%"/>
									</conditions>
								</line>
								<line number="267" hits="0" branch="false"/>
								<line number="269" hits="0" branch="false"/>
								<line number="271" hits="0" branch="false"/>
								<line number="272" hits="0" branch="false"/>
								<line number="274" hits="0" branch="false"/>
								<line number="276" hits="0" branch="false"/>
								<line number="277" hits="0" branch="false"/>
								<line number="279" hits="0" branch="false"/>
								<line number="281" hits="0" branch="false"/>
								<line number="282" hits="0" branch="false"/>
								<line number="285" hits="0" branch="true" condition-coverage="0% (0/2)">
									<conditions>
										<condition number="0" type="jump" coverage="0%"/>
									</conditions>
								</line>
								<line number="286" hits="0" branch="false"/>
							</lines>
						</method>
					</methods>
					<lines>
						<line number="263" hits="0" branch="false"/>
						<line number="265" hits="0" branch="true" condition-coverage="0% (0/4)">
							<conditions>
								<condition number="0" type="switch" coverage="0%"/>
							</conditions>
						</line>
						<line number="267" hits="0" branch="false"/>
						<line number="269" hits="0" branch="false"/>
						<line number="271" hits="0" branch="false"/>
						<line number="272" hits="0" branch="false"/>
						<line number="274" hits="0" branch="false"/>
						<line number="276" hits="0" branch="false"/>
						<line number="277" hits="0" branch="false"/>
						<line number="279" hits="0" branch="false"/>
						<line number="281" hits="0" branch="false"/>
						<line number="282" hits="0" branch="false"/>
						<line number="285" hits="0" branch="true" condition-coverage="0% (0/2)">
							<conditions>
								<condition number="0" type="jump" coverage="0%"/>
							</conditions>
						</line>
						<line number="286" hits="0" branch="false"/>
					</lines>
				</class>
				<class name="org.apache.zookeeper.book.Master$3" filename="org/apache/zookeeper/book/Master.java" line-rate="0.0" branch-rate="0.0" complexity="2.2444444444444445">
					<methods>
						<method name="&lt;init&gt;" signature="(Lorg/apache/zookeeper/book/Master;)V" line-rate="0.0" branch-rate="1.0">
							<lines>
								<line number="296" hits="0" branch="false"/>
							</lines>
						</method>
						<method name="processResult" signature="(ILjava/lang/String;Ljava/lang/Object;Lorg/apache/zookeeper/data/Stat;)V" line-rate="0.0" branch-rate="0.0">
							<lines>
								<line number="298" hits="0" branch="true" condition-coverage="0% (0/5)">
									<conditions>
										<condition number="0" type="switch" coverage="0%"/>
									</conditions>
								</line>
								<line number="300" hits="0" branch="false"/>
								<line number="302" hits="0" branch="false"/>
								<line number="304" hits="0" branch="false"/>
								<line number="306" hits="0" branch="false"/>
								<line number="307" hits="0" branch="false"/>
								<line number="308" hits="0" branch="false"/>
								<line number="311" hits="0" branch="false"/>
								<line number="313" hits="0" branch="false"/>
								<line number="316" hits="0" branch="false"/>
							</lines>
						</method>
					</methods>
					<lines>
						<line number="296" hits="0" branch="false"/>
						<line number="298" hits="0" branch="true" condition-coverage="0% (0/5)">
							<conditions>
								<condition number="0" type="switch" coverage="0%"/>
							</conditions>
						</line>
						<line number="300" hits="0" branch="false"/>
						<line number="302" hits="0" branch="false"/>
						<line number="304" hits="0" branch="false"/>
						<line number="306" hits="0" branch="false"/>
						<line number="307" hits="0" branch="false"/>
						<line number="308" hits="0" branch="false"/>
						<line number="311" hits="0" branch="false"/>
						<line number="313" hits="0" branch="false"/>
						<line number="316" hits="0" branch="false"/>
					</lines>
				</class>
				<class name="org.apache.zookeeper.book.Master$4" filename="org/apache/zookeeper/book/Master.java" line-rate="0.0" branch-rate="0.0" complexity="2.2444444444444445">
					<methods>
						<method name="&lt;clinit&gt;" signature="()V" line-rate="0.0" branch-rate="1.0">
							<lines>
								<line number="319" hits="0" branch="false"/>
							</lines>
						</method>
						<method name="&lt;init&gt;" signature="(Lorg/apache/zookeeper/book/Master;)V" line-rate="1.0" branch-rate="1.0">
							<lines>
							</lines>
						</method>
						<method name="process" signature="(Lorg/apache/zookeeper/WatchedEvent;)V" line-rate="0.0" branch-rate="0.0">
							<lines>
								<line number="321" hits="0" branch="true" condition-coverage="0% (0/2)">
									<conditions>
										<condition number="0" type="jump" coverage="0%"/>
									</conditions>
								</line>
								<line number="322" hits="0" branch="true" condition-coverage="0% (0/4)">
									<conditions>
										<condition number="0" type="jump" coverage="0%"/>
										<condition number="1" type="jump" coverage="0%"/>
									</conditions>
								</line>
								<line number="324" hits="0" branch="false"/>
								<line number="326" hits="0" branch="false"/>
							</lines>
						</method>
					</methods>
					<lines>
						<line number="319" hits="0" branch="false"/>
						<line number="321" hits="0" branch="true" condition-coverage="0% (0/2)">
							<conditions>
								<condition number="0" type="jump" coverage="0%"/>
							</conditions>
						</line>
						<line number="322" hits="0" branch="true" condition-coverage="0% (0/4)">
							<conditions>
								<condition number="0" type="jump" coverage="0%"/>
								<condition number="1" type="jump" coverage="0%"/>
							</conditions>
						</line>
						<line number="324" hits="0" branch="false"/>
						<line number="326" hits="0" branch="false"/>
					</lines>
				</class>
				<class name="org.apache.zookeeper.book.Master$5" filename="org/apache/zookeeper/book/Master.java" line-rate="0.0" branch-rate="0.0" complexity="2.2444444444444445">
					<methods>
						<method name="&lt;init&gt;" signature="(Lorg/apache/zookeeper/book/Master;)V" line-rate="0.0" branch-rate="1.0">
							<lines>
								<line number="333" hits="0" branch="false"/>
							</lines>
						</method>
						<method name="recoveryComplete" signature="(ILjava/util/List;)V" line-rate="0.0" branch-rate="0.0">
							<lines>
								<line number="335" hits="0" branch="true" condition-coverage="0% (0/2)">
									<conditions>
										<condition number="0" type="jump" coverage="0%"/>
									</conditions>
								</line>
								<line number="336" hits="0" branch="false"/>
								<line number="338" hits="0" branch="false"/>
								<line number="339" hits="0" branch="false"/>
								<line number="341" hits="0" branch="false"/>
							</lines>
						</method>
					</methods>
					<lines>
						<line number="333" hits="0" branch="false"/>
						<line number="335" hits="0" branch="true" condition-coverage="0% (0/2)">
							<conditions>
								<condition number="0" type="jump" coverage="0%"/>
							</conditions>
						</line>
						<line number="336" hits="0" branch="false"/>
						<line number="338" hits="0" branch="false"/>
						<line number="339" hits="0" branch="false"/>
						<line number="341" hits="0" branch="false"/>
					</lines>
				</class>
				<class name="org.apache.zookeeper.book.Master$6" filename="org/apache/zookeeper/book/Master.java" line-rate="0.0" branch-rate="0.0" complexity="2.2444444444444445">
					<methods>
						<method name="&lt;init&gt;" signature="(Lorg/apache/zookeeper/book/Master;)V" line-rate="0.0" branch-rate="1.0">
							<lines>
								<line number="367" hits="0" branch="false"/>
							</lines>
						</method>
						<method name="processResult" signature="(ILjava/lang/String;Ljava/lang/Object;[BLorg/apache/zookeeper/data/Stat;)V" line-rate="0.0" branch-rate="0.0">
							<lines>
								<line number="369" hits="0" branch="true" condition-coverage="0% (0/5)">
									<conditions>
										<condition number="0" type="switch" coverage="0%"/>
									</conditions>
								</line>
								<line number="371" hits="0" branch="false"/>
								<line number="373" hits="0" branch="false"/>
								<line number="375" hits="0" branch="false"/>
								<line number="377" hits="0" branch="false"/>
								<line number="379" hits="0" branch="true" condition-coverage="0% (0/2)">
									<conditions>
										<condition number="0" type="jump" coverage="0%"/>
									</conditions>
								</line>
								<line number="380" hits="0" branch="false"/>
								<line number="381" hits="0" branch="false"/>
								<line number="383" hits="0" branch="false"/>
								<line number="384" hits="0" branch="false"/>
								<line number="387" hits="0" branch="false"/>
								<line number="389" hits="0" branch="false"/>
								<line number="392" hits="0" branch="false"/>
							</lines>
						</method>
					</methods>
					<lines>
						<line number="367" hits="0" branch="false"/>
						<line number="369" hits="0" branch="true" condition-coverage="0% (0/5)">
							<conditions>
								<condition number="0" type="switch" coverage="0%"/>
							</conditions>
						</line>
						<line number="371" hits="0" branch="false"/>
						<line number="373" hits="0" branch="false"/>
						<line number="375" hits="0" branch="false"/>
						<line number="377" hits="0" branch="false"/>
						<line number="379" hits="0" branch="true" condition-coverage="0% (0/2)">
							<conditions>
								<condition number="0" type="jump" coverage="0%"/>
							</conditions>
						</line>
						<line number="380" hits="0" branch="false"/>
						<line number="381" hits="0" branch="false"/>
						<line number="383" hits="0" branch="false"/>
						<line number="384" hits="0" branch="false"/>
						<line number="387" hits="0" branch="false"/>
						<line number="389" hits="0" branch="false"/>
						<line number="392" hits="0" branch="false"/>
					</lines>
				</class>
				<class name="org.apache.zookeeper.book.Master$7" filename="org/apache/zookeeper/book/Master.java" line-rate="0.0" branch-rate="0.0" complexity="2.2444444444444445">
					<methods>
						<method name="&lt;clinit&gt;" signature="()V" line-rate="0.0" branch-rate="1.0">
							<lines>
								<line number="421" hits="0" branch="false"/>
							</lines>
						</method>
[...]
							<conditions>
								<condition number="0" type="switch" coverage="0%"/>
							</conditions>
						</line>
						<line number="104" hits="0" branch="false"/>
						<line number="106" hits="0" branch="false"/>
						<line number="108" hits="0" branch="false"/>
						<line number="109" hits="0" branch="false"/>
						<line number="110" hits="0" branch="false"/>
						<line number="112" hits="0" branch="false"/>
						<line number="114" hits="0" branch="false"/>
						<line number="115" hits="0" branch="false"/>
						<line number="117" hits="0" branch="false"/>
					</lines>
				</class>
				<class name="org.apache.zookeeper.book.recovery.RecoveredAssignments$2" filename="org/apache/zookeeper/book/recovery/RecoveredAssignments.java" line-rate="0.0" branch-rate="0.0" complexity="2.238095238095238">
					<methods>
						<method name="&lt;init&gt;" signature="(Lorg/apache/zookeeper/book/recovery/RecoveredAssignments;)V" line-rate="0.0" branch-rate="1.0">
							<lines>
								<line number="124" hits="0" branch="false"/>
							</lines>
						</method>
						<method name="processResult" signature="(ILjava/lang/String;Ljava/lang/Object;Ljava/util/List;)V" line-rate="0.0" branch-rate="0.0">
							<lines>
								<line number="126" hits="0" branch="true" condition-coverage="0% (0/3)">
									<conditions>
										<condition number="0" type="switch" coverage="0%"/>
									</conditions>
								</line>
								<line number="128" hits="0" branch="false"/>
								<line number="130" hits="0" branch="false"/>
								<line number="132" hits="0" branch="false"/>
								<line number="133" hits="0" branch="false"/>
								<line number="135" hits="0" branch="false"/>
								<line number="137" hits="0" branch="false"/>
								<line number="138" hits="0" branch="false"/>
								<line number="140" hits="0" branch="false"/>
							</lines>
						</method>
					</methods>
					<lines>
						<line number="124" hits="0" branch="false"/>
						<line number="126" hits="0" branch="true" condition-coverage="0% (0/3)">
							<conditions>
								<condition number="0" type="switch" coverage="0%"/>
							</conditions>
						</line>
						<line number="128" hits="0" branch="false"/>
						<line number="130" hits="0" branch="false"/>
						<line number="132" hits="0" branch="false"/>
						<line number="133" hits="0" branch="false"/>
						<line number="135" hits="0" branch="false"/>
						<line number="137" hits="0" branch="false"/>
						<line number="138" hits="0" branch="false"/>
						<line number="140" hits="0" branch="false"/>
					</lines>
				</class>
				<class name="org.apache.zookeeper.book.recovery.RecoveredAssignments$3" filename="org/apache/zookeeper/book/recovery/RecoveredAssignments.java" line-rate="0.0" branch-rate="0.0" complexity="2.238095238095238">
					<methods>
						<method name="&lt;init&gt;" signature="(Lorg/apache/zookeeper/book/recovery/RecoveredAssignments;)V" line-rate="0.0" branch-rate="1.0">
							<lines>
								<line number="148" hits="0" branch="false"/>
							</lines>
						</method>
						<method name="processResult" signature="(ILjava/lang/String;Ljava/lang/Object;Ljava/util/List;)V" line-rate="0.0" branch-rate="0.0">
							<lines>
								<line number="150" hits="0" branch="true" condition-coverage="0% (0/3)">
									<conditions>
										<condition number="0" type="switch" coverage="0%"/>
									</conditions>
								</line>
								<line number="152" hits="0" branch="false"/>
								<line number="153" hits="0" branch="false"/>
								<line number="155" hits="0" branch="false"/>
								<line number="160" hits="0" branch="true" condition-coverage="0% (0/2)">
									<conditions>
										<condition number="0" type="jump" coverage="0%"/>
									</conditions>
								</line>
								<line number="161" hits="0" branch="false"/>
								<line number="162" hits="0" branch="false"/>
								<line number="164" hits="0" branch="false"/>
								<line number="171" hits="0" branch="false"/>
								<line number="173" hits="0" branch="true" condition-coverage="0% (0/2)">
									<conditions>
										<condition number="0" type="jump" coverage="0%"/>
									</conditions>
								</line>
								<line number="174" hits="0" branch="false"/>
								<line number="175" hits="0" branch="false"/>
								<line number="177" hits="0" branch="false"/>
								<line number="179" hits="0" branch="false"/>
								<line number="180" hits="0" branch="false"/>
								<line number="182" hits="0" branch="false"/>
							</lines>
						</method>
					</methods>
					<lines>
						<line number="148" hits="0" branch="false"/>
						<line number="150" hits="0" branch="true" condition-coverage="0% (0/3)">
							<conditions>
								<condition number="0" type="switch" coverage="0%"/>
							</conditions>
						</line>
						<line number="152" hits="0" branch="false"/>
						<line number="153" hits="0" branch="false"/>
						<line number="155" hits="0" branch="false"/>
						<line number="160" hits="0" branch="true" condition-coverage="0% (0/2)">
							<conditions>
								<condition number="0" type="jump" coverage="0%"/>
							</conditions>
						</line>
						<line number="161" hits="0" branch="false"/>
						<line number="162" hits="0" branch="false"/>
						<line number="164" hits="0" branch="false"/>
						<line number="171" hits="0" branch="false"/>
						<line number="173" hits="0" branch="true" condition-coverage="0% (0/2)">
							<conditions>
								<condition number="0" type="jump" coverage="0%"/>
							</conditions>
						</line>
						<line number="174" hits="0" branch="false"/>
						<line number="175" hits="0" branch="false"/>
						<line number="177" hits="0" branch="false"/>
						<line number="179" hits="0" branch="false"/>
						<line number="180" hits="0" branch="false"/>
						<line number="182" hits="0" branch="false"/>
					</lines>
				</class>
				<class name="org.apache.zookeeper.book.recovery.RecoveredAssignments$4" filename="org/apache/zookeeper/book/recovery/RecoveredAssignments.java" line-rate="0.0" branch-rate="0.0" complexity="2.238095238095238">
					<methods>
						<method name="&lt;init&gt;" signature="(Lorg/apache/zookeeper/book/recovery/RecoveredAssignments;)V" line-rate="0.0" branch-rate="1.0">
							<lines>
								<line number="189" hits="0" branch="false"/>
							</lines>
						</method>
						<method name="processResult" signature="(ILjava/lang/String;Ljava/lang/Object;Ljava/util/List;)V" line-rate="0.0" branch-rate="0.0">
							<lines>
								<line number="194" hits="0" branch="true" condition-coverage="0% (0/4)">
									<conditions>
										<condition number="0" type="switch" coverage="0%"/>
									</conditions>
								</line>
								<line number="196" hits="0" branch="false"/>
								<line number="197" hits="0" branch="false"/>
								<line number="199" hits="0" branch="false"/>
								<line number="208" hits="0" branch="true" condition-coverage="0% (0/2)">
									<conditions>
										<condition number="0" type="jump" coverage="0%"/>
									</conditions>
								</line>
								<line number="209" hits="0" branch="false"/>
								<line number="211" hits="0" branch="true" condition-coverage="0% (0/2)">
									<conditions>
										<condition number="0" type="jump" coverage="0%"/>
									</conditions>
								</line>
								<line number="212" hits="0" branch="true" condition-coverage="0% (0/2)">
									<conditions>
										<condition number="0" type="jump" coverage="0%"/>
									</conditions>
								</line>
								<line number="213" hits="0" branch="false"/>
								<line number="214" hits="0" branch="false"/>
								<line number="220" hits="0" branch="false"/>
								<line number="226" hits="0" branch="false"/>
								<line number="227" hits="0" branch="false"/>
								<line number="231" hits="0" branch="false"/>
								<line number="237" hits="0" branch="true" condition-coverage="0% (0/2)">
									<conditions>
										<condition number="0" type="jump" coverage="0%"/>
									</conditions>
								</line>
								<line number="238" hits="0" branch="false"/>
								<line number="239" hits="0" branch="false"/>
								<line number="244" hits="0" branch="false"/>
								<line number="246" hits="0" branch="false"/>
								<line number="248" hits="0" branch="false"/>
								<line number="249" hits="0" branch="false"/>
								<line number="251" hits="0" branch="false"/>
							</lines>
						</method>
					</methods>
					<lines>
						<line number="189" hits="0" branch="false"/>
						<line number="194" hits="0" branch="true" condition-coverage="0% (0/4)">
							<conditions>
								<condition number="0" type="switch" coverage="0%"/>
							</conditions>
						</line>
						<line number="196" hits="0" branch="false"/>
						<line number="197" hits="0" branch="false"/>
						<line number="199" hits="0" branch="false"/>
						<line number="208" hits="0" branch="true" condition-coverage="0% (0/2)">
							<conditions>
								<condition number="0" type="jump" coverage="0%"/>
							</conditions>
						</line>
						<line number="209" hits="0" branch="false"/>
						<line number="211" hits="0" branch="true" condition-coverage="0% (0/2)">
							<conditions>
								<condition number="0" type="jump" coverage="0%"/>
							</conditions>
						</line>
						<line number="212" hits="0" branch="true" condition-coverage="0% (0/2)">
							<conditions>
								<condition number="0" type="jump" coverage="0%"/>
							</conditions>
						</line>
						<line number="213" hits="0" branch="false"/>
						<line number="214" hits="0" branch="false"/>
						<line number="220" hits="0" branch="false"/>
						<line number="226" hits="0" branch="false"/>
						<line number="227" hits="0" branch="false"/>
						<line number="231" hits="0" branch="false"/>
						<line number="237" hits="0" branch="true" condition-coverage="0% (0/2)">
							<conditions>
								<condition number="0" type="jump" coverage="0%"/>
							</conditions>
						</line>
						<line number="238" hits="0" branch="false"/>
						<line number="239" hits="0" branch="false"/>
						<line number="244" hits="0" branch="false"/>
						<line number="246" hits="0" branch="false"/>
						<line number="248" hits="0" branch="false"/>
						<line number="249" hits="0" branch="false"/>
						<line number="251" hits="0" branch="false"/>
					</lines>
				</class>
				<class name="org.apache.zookeeper.book.recovery.RecoveredAssignments$5" filename="org/apache/zookeeper/book/recovery/RecoveredAssignments.java" line-rate="0.0" branch-rate="0.0" complexity="2.238095238095238">
					<methods>
						<method name="&lt;init&gt;" signature="(Lorg/apache/zookeeper/book/recovery/RecoveredAssignments;)V" line-rate="0.0" branch-rate="1.0">
							<lines>
								<line number="286" hits="0" branch="false"/>
							</lines>
						</method>
						<method name="processResult" signature="(ILjava/lang/String;Ljava/lang/Object;[BLorg/apache/zookeeper/data/Stat;)V" line-rate="0.0" branch-rate="0.0">
							<lines>
								<line number="288" hits="0" branch="true" condition-coverage="0% (0/3)">
									<conditions>
										<condition number="0" type="switch" coverage="0%"/>
									</conditions>
								</line>
								<line number="290" hits="0" branch="false"/>
								<line number="292" hits="0" branch="false"/>
								<line number="294" hits="0" branch="false"/>
								<line number="296" hits="0" branch="false"/>
								<line number="298" hits="0" branch="false"/>
								<line number="301" hits="0" branch="false"/>
							</lines>
						</method>
					</methods>
					<lines>
						<line number="286" hits="0" branch="false"/>
						<line number="288" hits="0" branch="true" condition-coverage="0% (0/3)">
							<conditions>
								<condition number="0" type="switch" coverage="0%"/>
							</conditions>
						</line>
						<line number="290" hits="0" branch="false"/>
						<line number="292" hits="0" branch="false"/>
						<line number="294" hits="0" branch="false"/>
						<line number="296" hits="0" branch="false"/>
						<line number="298" hits="0" branch="false"/>
						<line number="301" hits="0" branch="false"/>
					</lines>
				</class>
				<class name="org.apache.zookeeper.book.recovery.RecoveredAssignments$6" filename="org/apache/zookeeper/book/recovery/RecoveredAssignments.java" line-rate="0.0" branch-rate="0.0" complexity="2.238095238095238">
					<methods>
						<method name="&lt;init&gt;" signature="(Lorg/apache/zookeeper/book/recovery/RecoveredAssignments;)V" line-rate="0.0" branch-rate="1.0">
							<lines>
								<line number="321" hits="0" branch="false"/>
							</lines>
						</method>
						<method name="processResult" signature="(ILjava/lang/String;Ljava/lang/Object;Ljava/lang/String;)V" line-rate="0.0" branch-rate="0.0">
							<lines>
								<line number="323" hits="0" branch="true" condition-coverage="0% (0/5)">
									<conditions>
										<condition number="0" type="switch" coverage="0%"/>
									</conditions>
								</line>
								<line number="325" hits="0" branch="false"/>
								<line number="327" hits="0" branch="false"/>
								<line number="329" hits="0" branch="false"/>
								<line number="331" hits="0" branch="false"/>
								<line number="333" hits="0" branch="false"/>
								<line number="335" hits="0" branch="false"/>
								<line number="337" hits="0" branch="false"/>
								<line number="340" hits="0" branch="false"/>
							</lines>
						</method>
					</methods>
					<lines>
						<line number="321" hits="0" branch="false"/>
						<line number="323" hits="0" branch="true" condition-coverage="0% (0/5)">
							<conditions>
								<condition number="0" type="switch" coverage="0%"/>
							</conditions>
						</line>
						<line number="325" hits="0" branch="false"/>
						<line number="327" hits="0" branch="false"/>
						<line number="329" hits="0" branch="false"/>
						<line number="331" hits="0" branch="false"/>
						<line number="333" hits="0" branch="false"/>
						<line number="335" hits="0" branch="false"/>
						<line number="337" hits="0" branch="false"/>
						<line number="340" hits="0" branch="false"/>
					</lines>
				</class>
				<class name="org.apache.zookeeper.book.recovery.RecoveredAssignments$7" filename="org/apache/zookeeper/book/recovery/RecoveredAssignments.java" line-rate="0.0" branch-rate="0.0" complexity="2.238095238095238">
					<methods>
						<method name="&lt;init&gt;" signature="(Lorg/apache/zookeeper/book/recovery/RecoveredAssignments;)V" line-rate="0.0" branch-rate="1.0">
							<lines>
								<line number="352" hits="0" branch="false"/>
							</lines>
						</method>
						<method name="processResult" signature="(ILjava/lang/String;Ljava/lang/Object;)V" line-rate="0.0" branch-rate="0.0">
							<lines>
								<line number="354" hits="0" branch="true" condition-coverage="0% (0/3)">
									<conditions>
										<condition number="0" type="switch" coverage="0%"/>
									</conditions>
								</line>
								<line number="356" hits="0" branch="false"/>
								<line number="357" hits="0" branch="false"/>
								<line number="359" hits="0" branch="false"/>
								<line number="360" hits="0" branch="false"/>
								<line number="362" hits="0" branch="false"/>
								<line number="365" hits="0" branch="false"/>
							</lines>
						</method>
					</methods>
					<lines>
						<line number="352" hits="0" branch="false"/>
						<line number="354" hits="0" branch="true" condition-coverage="0% (0/3)">
							<conditions>
								<condition number="0" type="switch" coverage="0%"/>
							</conditions>
						</line>
						<line number="356" hits="0" branch="false"/>
						<line number="357" hits="0" branch="false"/>
						<line number="359" hits="0" branch="false"/>
						<line number="360" hits="0" branch="false"/>
						<line number="362" hits="0" branch="false"/>
						<line number="365" hits="0" branch="false"/>
					</lines>
				</class>
				<class name="org.apache.zookeeper.book.recovery.RecoveredAssignments$8" filename="org/apache/zookeeper/book/recovery/RecoveredAssignments.java" line-rate="0.0" branch-rate="0.0" complexity="2.238095238095238">
					<methods>
						<method name="&lt;init&gt;" signature="(Lorg/apache/zookeeper/book/recovery/RecoveredAssignments;)V" line-rate="0.0" branch-rate="1.0">
							<lines>
								<line number="373" hits="0" branch="false"/>
							</lines>
						</method>
						<method name="processResult" signature="(ILjava/lang/String;Ljava/lang/Object;Ljava/util/List;)V" line-rate="0.0" branch-rate="0.0">
							<lines>
								<line number="378" hits="0" branch="true" condition-coverage="0% (0/3)">
									<conditions>
										<condition number="0" type="switch" coverage="0%"/>
									</conditions>
								</line>
								<line number="380" hits="0" branch="false"/>
								<line number="382" hits="0" branch="false"/>
								<line number="384" hits="0" branch="false"/>
								<line number="385" hits="0" branch="false"/>
								<line number="386" hits="0" branch="false"/>
								<line number="388" hits="0" branch="false"/>
								<line number="390" hits="0" branch="false"/>
								<line number="391" hits="0" branch="false"/>
								<line number="393" hits="0" branch="false"/>
							</lines>
						</method>
					</methods>
					<lines>
						<line number="373" hits="0" branch="false"/>
						<line number="378" hits="0" branch="true" condition-coverage="0% (0/3)">
							<conditions>
								<condition number="0" type="switch" coverage="0%"/>
							</conditions>
						</line>
						<line number="380" hits="0" branch="false"/>
						<line number="382" hits="0" branch="false"/>
						<line number="384" hits="0" branch="false"/>
						<line number="385" hits="0" branch="false"/>
						<line number="386" hits="0" branch="false"/>
						<line number="388" hits="0" branch="false"/>
						<line number="390" hits="0" branch="false"/>
						<line number="391" hits="0" branch="false"/>
						<line number="393" hits="0" branch="false"/>
					</lines>
				</class>
				<class name="org.apache.zookeeper.book.recovery.RecoveredAssignments$9" filename="org/apache/zookeeper/book/recovery/RecoveredAssignments.java" line-rate="0.0" branch-rate="1.0" complexity="2.238095238095238">
					<methods>
						<method name="&lt;clinit&gt;" signature="()V" line-rate="0.0" branch-rate="1.0">
							<lines>
								<line number="102" hits="0" branch="false"/>
							</lines>
						</method>
					</methods>
					<lines>
						<line number="102" hits="0" branch="false"/>
					</lines>
				</class>
				<class name="org.apache.zookeeper.book.recovery.RecoveredAssignments$RecoveryCallback" filename="org/apache/zookeeper/book/recovery/RecoveredAssignments.java" line-rate="1.0" branch-rate="1.0" complexity="2.238095238095238">
					<methods>
					</methods>
					<lines>
					</lines>
				</class>
				<class name="org.apache.zookeeper.book.recovery.RecoveredAssignments$RecreateTaskCtx" filename="org/apache/zookeeper/book/recovery/RecoveredAssignments.java" line-rate="0.0" branch-rate="1.0" complexity="2.238095238095238">
					<methods>
						<method name="&lt;init&gt;" signature="(Lorg/apache/zookeeper/book/recovery/RecoveredAssignments;Ljava/lang/String;Ljava/lang/String;[B)V" line-rate="0.0" branch-rate="1.0">
							<lines>
								<line number="276" hits="0" branch="false"/>
								<line number="277" hits="0" branch="false"/>
								<line number="278" hits="0" branch="false"/>
								<line number="279" hits="0" branch="false"/>
								<line number="280" hits="0" branch="false"/>
							</lines>
						</method>
					</methods>
					<lines>
						<line number="276" hits="0" branch="false"/>
						<line number="277" hits="0" branch="false"/>
						<line number="278" hits="0" branch="false"/>
						<line number="279" hits="0" branch="false"/>
						<line number="280" hits="0" branch="false"/>
					</lines>
				</class>
			</classes>
		</package>
	</packages>
</coverage>
