<?xml version="1.0" encoding="UTF-8"?>
<testsuite name="org.apache.zookeeper.book.TestWorkerChanges" time="0.1" tests="2" errors="2" skipped="0" failures="0">
  <properties>
[...]
</properties>
  <testcase name="addWorker" classname="org.apache.zookeeper.book.TestWorkerChanges" time="0.048">
    <error message="Instruction type does not match stack map&#10;Exception Details:&#10;  Location:&#10;    org/apache/zookeeper/book/Master.main([Ljava/lang/String;)V @45: aload_3&#10;  Reason:&#10;    Type integer (current frame, locals[1]) is not assignable to &apos;org/apache/zookeeper/book/Master&apos; (stack map, locals[1])&#10;  Current Frame:&#10;    bci: @45&#10;    flags: { }&#10;    locals: { &apos;[Ljava/lang/String;&apos;, integer, integer, &apos;org/apache/zookeeper/book/Master&apos; }&#10;    stack: { }&#10;  Stackmap Frame:&#10;    bci: @45&#10;    flags: { }&#10;    locals: { &apos;[Ljava/lang/String;&apos;, &apos;org/apache/zookeeper/book/Master&apos; }&#10;    stack: { }&#10;  Bytecode:&#10;    0000000: 033c 11ff ff3d 1284 1103 32b8 008a bb00&#10;    0000010: 0259 2a03 32b7 01d8 4e12 8411 0333 b800&#10;    0000020: 8a2d b601 da12 8411 0335 b800 8a2d b601&#10;    0000030: dc11 0335 3c11 0000 3d9a 002e 1b11 0335&#10;    0000040: a000 161c 1100 00a0 000f 1284 1b1c 04b8&#10;    0000050: 011c 11ff ff3d 1284 1103 36b8 008a 1401&#10;    0000060: ddb8 01e3 a7ff c11c 9b00 0f12 841b 1c03&#10;    0000070: b801 1c11 ffff 3d12 8411 033b b800 8a2d&#10;    0000080: b601 e512 8411 0340 b800 8a2d b601 e712&#10;    0000090: 8411 0342 b800 8a2d b601 e911 0342 3c11&#10;    00000a0: 0000 3d9a 002e 1b11 0342 a000 161c 1100&#10;    00000b0: 00a0 000f 1284 1b1c 04b8 011c 11ff ff3d&#10;    00000c0: 1284 1103 43b8 008a 1401 eab8 01e3 a7ff&#10;    00000d0: c11c 9b00 0f12 841b 1c03 b801 1c11 ffff&#10;    00000e0: 3d12 8411 0346 b800 8a2d b601 ed12 8411&#10;    00000f0: 0347 b800 8ab1                         &#10;  Stackmap Table:&#10;    append_frame(@45,Object[#2])&#10;    same_frame_extended(@127)&#10;    same_frame(@151)&#10;    same_frame_extended(@233)&#10;" type="java.lang.VerifyError">java.lang.VerifyError: Instruction type does not match stack map
Exception Details:
  Location:
    org/apache/zookeeper/book/Master.main([Ljava/lang/String;)V @45: aload_3
  Reason:
    Type integer (current frame, locals[1]) is not assignable to 'org/apache/zookeeper/book/Master' (stack map, locals[1])
  Current Frame:
    bci: @45
    flags: { }
    locals: { '[Ljava/lang/String;', integer, integer, 'org/apache/zookeeper/book/Master' }
    stack: { }
  Stackmap Frame:
    bci: @45
    flags: { }
    locals: { '[Ljava/lang/String;', 'org/apache/zookeeper/book/Master' }
    stack: { }
  Bytecode:
    0000000: 033c 11ff ff3d 1284 1103 32b8 008a bb00
    0000010: 0259 2a03 32b7 01d8 4e12 8411 0333 b800
    0000020: 8a2d b601 da12 8411 0335 b800 8a2d b601
    0000030: dc11 0335 3c11 0000 3d9a 002e 1b11 0335
    0000040: a000 161c 1100 00a0 000f 1284 1b1c 04b8
    0000050: 011c 11ff ff3d 1284 1103 36b8 008a 1401
    0000060: ddb8 01e3 a7ff c11c 9b00 0f12 841b 1c03
    0000070: b801 1c11 ffff 3d12 8411 033b b800 8a2d
    0000080: b601 e512 8411 0340 b800 8a2d b601 e712
    0000090: 8411 0342 b800 8a2d b601 e911 0342 3c11
    00000a0: 0000 3d9a 002e 1b11 0342 a000 161c 1100
    00000b0: 00a0 000f 1284 1b1c 04b8 011c 11ff ff3d
    00000c0: 1284 1103 43b8 008a 1401 eab8 01e3 a7ff
    00000d0: c11c 9b00 0f12 841b 1c03 b801 1c11 ffff
    00000e0: 3d12 8411 0346 b800 8a2d b601 ed12 8411
    00000f0: 0347 b800 8ab1                         
  Stackmap Table:
    append_frame(@45,Object[#2])
    same_frame_extended(@127)
    same_frame(@151)
    same_frame_extended(@233)

	at org.apache.zookeeper.book.TestWorkerChanges.addWorker(TestWorkerChanges.java:32)
</error>
    <system-out>2014-12-18 10:48:10,389 - INFO  - [main:BaseTestCase@51] - Starting ZooKeeper Standalone Server: 11221
2014-12-18 10:48:10,399 - INFO  - [main:BaseTestCase@54] - ZooKeeper server started
</system-out>
  </testcase>
  <testcase name="addWorker" classname="org.apache.zookeeper.book.TestWorkerChanges" time="0.052">
    <error type="java.lang.NullPointerException:">java.lang.NullPointerException: null
	at org.apache.zookeeper.server.ZooKeeperServerMain.shutdown(ZooKeeperServerMain.java:127)
	at org.apache.zookeeper.book.StandaloneServer$TestZKSMain.shutdown(StandaloneServer.java:54)
	at org.apache.zookeeper.book.StandaloneServer.shutdown(StandaloneServer.java:105)
	at org.apache.zookeeper.book.BaseTestCase.tearDown(BaseTestCase.java:59)
	at sun.reflect.NativeMethodAccessorImpl.invoke0(Native Method)
	at sun.reflect.NativeMethodAccessorImpl.invoke(NativeMethodAccessorImpl.java:57)
	at sun.reflect.DelegatingMethodAccessorImpl.invoke(DelegatingMethodAccessorImpl.java:43)
	at java.lang.reflect.Method.invoke(Method.java:606)
	at org.junit.runners.model.FrameworkMethod$1.runReflectiveCall(FrameworkMethod.java:47)
	at org.junit.internal.runners.model.ReflectiveCallable.run(ReflectiveCallable.java:12)
	at org.junit.runners.model.FrameworkMethod.invokeExplosively(FrameworkMethod.java:44)
	at org.junit.internal.runners.statements.RunAfters.evaluate(RunAfters.java:33)
	at org.junit.runners.ParentRunner.runLeaf(ParentRunner.java:271)
	at org.junit.runners.BlockJUnit4ClassRunner.runChild(BlockJUnit4ClassRunner.java:70)
	at org.junit.runners.BlockJUnit4ClassRunner.runChild(BlockJUnit4ClassRunner.java:50)
	at org.junit.runners.ParentRunner$3.run(ParentRunner.java:238)
	at org.junit.runners.ParentRunner$1.schedule(ParentRunner.java:63)
	at org.junit.runners.ParentRunner.runChildren(ParentRunner.java:236)
	at org.junit.runners.ParentRunner.access$000(ParentRunner.java:53)
	at org.junit.runners.ParentRunner$2.evaluate(ParentRunner.java:229)
	at org.junit.runners.ParentRunner.run(ParentRunner.java:309)
	at org.apache.maven.surefire.junit4.JUnit4Provider.execute(JUnit4Provider.java:264)
	at org.apache.maven.surefire.junit4.JUnit4Provider.executeTestSet(JUnit4Provider.java:153)
	at org.apache.maven.surefire.junit4.JUnit4Provider.invoke(JUnit4Provider.java:124)
	at sun.reflect.NativeMethodAccessorImpl.invoke0(Native Method)
	at sun.reflect.NativeMethodAccessorImpl.invoke(NativeMethodAccessorImpl.java:57)
	at sun.reflect.DelegatingMethodAccessorImpl.invoke(DelegatingMethodAccessorImpl.java:43)
	at java.lang.reflect.Method.invoke(Method.java:606)
	at org.apache.maven.surefire.util.ReflectionUtils.invokeMethodWithArray2(ReflectionUtils.java:208)
	at org.apache.maven.surefire.booter.ProviderFactory$ProviderProxy.invoke(ProviderFactory.java:158)
	at org.apache.maven.surefire.booter.ProviderFactory.invokeProvider(ProviderFactory.java:86)
	at org.apache.maven.surefire.booter.ForkedBooter.runSuitesInProcess(ForkedBooter.java:153)
	at org.apache.maven.surefire.booter.ForkedBooter.main(ForkedBooter.java:95)
</error>
  </testcase>
</testsuite>