<?xml version="1.0" encoding="UTF-8"?>
<testsuite name="org.apache.zookeeper.book.TestCuratorMaster" time="0.164" tests="8" errors="8" skipped="0" failures="0">
  <properties>
[...]
</properties>
  <testcase name="testTaskAssignment" classname="org.apache.zookeeper.book.TestCuratorMaster" time="0.055">
    <error message="Expecting a stackmap frame at branch target 86&#10;Exception Details:&#10;  Location:&#10;    org/apache/zookeeper/book/curator/CuratorMasterSelector.main([Ljava/lang/String;)V @6: ldc&#10;  Reason:&#10;    Expected stackmap frame at this location.&#10;  Bytecode:&#10;    0000000: 033c 11ff ff3d 1238 1101 c9b8 003e bb00&#10;    0000010: 0259 2a03 322a 0432 bb01 c159 1103 e808&#10;    0000020: b701 c4b7 01c6 4e12 3811 01cb b800 3e2d&#10;    0000030: b601 c812 3811 01cc b800 3e2d b601 ca12&#10;    0000040: 3811 01cd b800 3e2d b601 cc12 3811 01d0&#10;    0000050: b800 3ea7 0020 1238 1101 ceb8 003e 4e12&#10;    0000060: 3811 01cf b800 3eb2 0069 1301 ce2d b901&#10;    0000070: d103 0012 3811 01d1 b800 3eb1          &#10;  Exception Handler Table:&#10;    bci [6, 75] =&gt; handler: 86&#10;  Stackmap Table:&#10;    same_locals_1_stack_item_extended(@94,Object[#173])&#10;    same_frame(@123)&#10;" type="java.lang.VerifyError">java.lang.VerifyError: Expecting a stackmap frame at branch target 86
Exception Details:
  Location:
    org/apache/zookeeper/book/curator/CuratorMasterSelector.main([Ljava/lang/String;)V @6: ldc
  Reason:
    Expected stackmap frame at this location.
  Bytecode:
    0000000: 033c 11ff ff3d 1238 1101 c9b8 003e bb00
    0000010: 0259 2a03 322a 0432 bb01 c159 1103 e808
    0000020: b701 c4b7 01c6 4e12 3811 01cb b800 3e2d
    0000030: b601 c812 3811 01cc b800 3e2d b601 ca12
    0000040: 3811 01cd b800 3e2d b601 cc12 3811 01d0
    0000050: b800 3ea7 0020 1238 1101 ceb8 003e 4e12
    0000060: 3811 01cf b800 3eb2 0069 1301 ce2d b901
    0000070: d103 0012 3811 01d1 b800 3eb1          
  Exception Handler Table:
    bci [6, 75] => handler: 86
  Stackmap Table:
    same_locals_1_stack_item_extended(@94,Object[#173])
    same_frame(@123)

	at org.apache.zookeeper.book.TestCuratorMaster.testTaskAssignment(TestCuratorMaster.java:26)
</error>
    <system-out>2014-12-18 10:48:08,897 - INFO  - [main:BaseTestCase@51] - Starting ZooKeeper Standalone Server: 11221
2014-12-18 10:48:08,907 - INFO  - [main:BaseTestCase@54] - ZooKeeper server started
2014-12-18 10:48:08,909 - INFO  - [Thread-0:TestCuratorMaster@25] - Starting master (taskAssignment)
</system-out>
  </testcase>
  <testcase name="testTaskAssignment" classname="org.apache.zookeeper.book.TestCuratorMaster" time="0.057">
    <error type="java.lang.NullPointerException:">java.lang.NullPointerException: null
	at org.apache.zookeeper.server.ZooKeeperServerMain.shutdown(ZooKeeperServerMain.java:127)
	at org.apache.zookeeper.book.StandaloneServer$TestZKSMain.shutdown(StandaloneServer.java:54)
	at org.apache.zookeeper.book.StandaloneServer.shutdown(StandaloneServer.java:105)
	at org.apache.zookeeper.book.BaseTestCase.tearDown(BaseTestCase.java:59)
	at sun.reflect.NativeMethodAccessorImpl.invoke0(Native Method)
	at sun.reflect.NativeMethodAccessorImpl.invoke(NativeMethodAccessorImpl.java:57)
	at sun.reflect.DelegatingMethodAccessorImpl.invoke(DelegatingMethodAccessorImpl.java:43)
	at java.lang.reflect.Method.invoke(Method.java:606)
	at org.junit.runners.model.FrameworkMethod$1.runReflectiveCall(FrameworkMethod.java:47)
	at org.junit.internal.runners.model.ReflectiveCallable.run(ReflectiveCallable.java:12)
	at org.junit.runners.model.FrameworkMethod.invokeExplosively(FrameworkMethod.java:44)
	at org.junit.internal.runners.statements.RunAfters.evaluate(RunAfters.java:33)
	at org.junit.runners.ParentRunner.runLeaf(ParentRunner.java:271)
	at org.junit.runners.BlockJUnit4ClassRunner.runChild(BlockJUnit4ClassRunner.java:70)
	at org.junit.runners.BlockJUnit4ClassRunner.runChild(BlockJUnit4ClassRunner.java:50)
	at org.junit.runners.ParentRunner$3.run(ParentRunner.java:238)
	at org.junit.runners.ParentRunner$1.schedule(ParentRunner.java:63)
	at org.junit.runners.ParentRunner.runChildren(ParentRunner.java:236)
	at org.junit.runners.ParentRunner.access$000(ParentRunner.java:53)
	at org.junit.runners.ParentRunner$2.evaluate(ParentRunner.java:229)
	at org.junit.runners.ParentRunner.run(ParentRunner.java:309)
	at org.apache.maven.surefire.junit4.JUnit4Provider.execute(JUnit4Provider.java:264)
	at org.apache.maven.surefire.junit4.JUnit4Provider.executeTestSet(JUnit4Provider.java:153)
	at org.apache.maven.surefire.junit4.JUnit4Provider.invoke(JUnit4Provider.java:124)
	at sun.reflect.NativeMethodAccessorImpl.invoke0(Native Method)
	at sun.reflect.NativeMethodAccessorImpl.invoke(NativeMethodAccessorImpl.java:57)
	at sun.reflect.DelegatingMethodAccessorImpl.invoke(DelegatingMethodAccessorImpl.java:43)
	at java.lang.reflect.Method.invoke(Method.java:606)
	at org.apache.maven.surefire.util.ReflectionUtils.invokeMethodWithArray2(ReflectionUtils.java:208)
	at org.apache.maven.surefire.booter.ProviderFactory$ProviderProxy.invoke(ProviderFactory.java:158)
	at org.apache.maven.surefire.booter.ProviderFactory.invokeProvider(ProviderFactory.java:86)
	at org.apache.maven.surefire.booter.ForkedBooter.runSuitesInProcess(ForkedBooter.java:153)
	at org.apache.maven.surefire.booter.ForkedBooter.main(ForkedBooter.java:95)
</error>
  </testcase>
  <testcase name="testTaskAssignmentLatch" classname="org.apache.zookeeper.book.TestCuratorMaster" time="0.008">
    <error message="Expecting a stackmap frame at branch target 86&#10;Exception Details:&#10;  Location:&#10;    org/apache/zookeeper/book/curator/CuratorMasterLatch.main([Ljava/lang/String;)V @6: ldc&#10;  Reason:&#10;    Expected stackmap frame at this location.&#10;  Bytecode:&#10;    0000000: 033c 11ff ff3d 1236 1101 a1b8 003c bb00&#10;    0000010: 0259 2a03 322a 0432 bb01 a159 1103 e808&#10;    0000020: b701 a4b7 01a6 4e12 3611 01a3 b800 3c2d&#10;    0000030: b601 a812 3611 01a4 b800 3c2d b601 aa12&#10;    0000040: 3611 01a5 b800 3c2d b601 ac12 3611 01a8&#10;    0000050: b800 3ca7 0020 1236 1101 a6b8 003c 4e12&#10;    0000060: 3611 01a7 b800 3cb2 0063 1301 ae2d b900&#10;    0000070: f203 0012 3611 01a9 b800 3cb1          &#10;  Exception Handler Table:&#10;    bci [6, 75] =&gt; handler: 86&#10;  Stackmap Table:&#10;    same_locals_1_stack_item_extended(@94,Object[#167])&#10;    same_frame(@123)&#10;" type="java.lang.VerifyError">java.lang.VerifyError: Expecting a stackmap frame at branch target 86
Exception Details:
  Location:
    org/apache/zookeeper/book/curator/CuratorMasterLatch.main([Ljava/lang/String;)V @6: ldc
  Reason:
    Expected stackmap frame at this location.
  Bytecode:
    0000000: 033c 11ff ff3d 1236 1101 a1b8 003c bb00
    0000010: 0259 2a03 322a 0432 bb01 a159 1103 e808
    0000020: b701 a4b7 01a6 4e12 3611 01a3 b800 3c2d
    0000030: b601 a812 3611 01a4 b800 3c2d b601 aa12
    0000040: 3611 01a5 b800 3c2d b601 ac12 3611 01a8
    0000050: b800 3ca7 0020 1236 1101 a6b8 003c 4e12
    0000060: 3611 01a7 b800 3cb2 0063 1301 ae2d b900
    0000070: f203 0012 3611 01a9 b800 3cb1          
  Exception Handler Table:
    bci [6, 75] => handler: 86
  Stackmap Table:
    same_locals_1_stack_item_extended(@94,Object[#167])
    same_frame(@123)

	at org.apache.zookeeper.book.TestCuratorMaster.testTaskAssignmentLatch(TestCuratorMaster.java:217)
</error>
    <system-out>2014-12-18 10:48:08,939 - INFO  - [main:BaseTestCase@51] - Starting ZooKeeper Standalone Server: 11222
2014-12-18 10:48:08,941 - INFO  - [main:BaseTestCase@54] - ZooKeeper server started
2014-12-18 10:48:08,942 - INFO  - [Thread-2:TestCuratorMaster@216] - Starting master (taskAssignment)
</system-out>
  </testcase>
  <testcase name="testTaskAssignmentLatch" classname="org.apache.zookeeper.book.TestCuratorMaster" time="0.01">
    <error type="java.lang.NullPointerException:">java.lang.NullPointerException: null
	at org.apache.zookeeper.server.ZooKeeperServerMain.shutdown(ZooKeeperServerMain.java:127)
	at org.apache.zookeeper.book.StandaloneServer$TestZKSMain.shutdown(StandaloneServer.java:54)
	at org.apache.zookeeper.book.StandaloneServer.shutdown(StandaloneServer.java:105)
	at org.apache.zookeeper.book.BaseTestCase.tearDown(BaseTestCase.java:59)
	at sun.reflect.NativeMethodAccessorImpl.invoke0(Native Method)
	at sun.reflect.NativeMethodAccessorImpl.invoke(NativeMethodAccessorImpl.java:57)
	at sun.reflect.DelegatingMethodAccessorImpl.invoke(DelegatingMethodAccessorImpl.java:43)
	at java.lang.reflect.Method.invoke(Method.java:606)
	at org.junit.runners.model.FrameworkMethod$1.runReflectiveCall(FrameworkMethod.java:47)
	at org.junit.internal.runners.model.ReflectiveCallable.run(ReflectiveCallable.java:12)
	at org.junit.runners.model.FrameworkMethod.invokeExplosively(FrameworkMethod.java:44)
	at org.junit.internal.runners.statements.RunAfters.evaluate(RunAfters.java:33)
	at org.junit.runners.ParentRunner.runLeaf(ParentRunner.java:271)
	at org.junit.runners.BlockJUnit4ClassRunner.runChild(BlockJUnit4ClassRunner.java:70)
	at org.junit.runners.BlockJUnit4ClassRunner.runChild(BlockJUnit4ClassRunner.java:50)
	at org.junit.runners.ParentRunner$3.run(ParentRunner.java:238)
	at org.junit.runners.ParentRunner$1.schedule(ParentRunner.java:63)
	at org.junit.runners.ParentRunner.runChildren(ParentRunner.java:236)
	at org.junit.runners.ParentRunner.access$000(ParentRunner.java:53)
	at org.junit.runners.ParentRunner$2.evaluate(ParentRunner.java:229)
	at org.junit.runners.ParentRunner.run(ParentRunner.java:309)
	at org.apache.maven.surefire.junit4.JUnit4Provider.execute(JUnit4Provider.java:264)
	at org.apache.maven.surefire.junit4.JUnit4Provider.executeTestSet(JUnit4Provider.java:153)
	at org.apache.maven.surefire.junit4.JUnit4Provider.invoke(JUnit4Provider.java:124)
	at sun.reflect.NativeMethodAccessorImpl.invoke0(Native Method)
	at sun.reflect.NativeMethodAccessorImpl.invoke(NativeMethodAccessorImpl.java:57)
	at sun.reflect.DelegatingMethodAccessorImpl.invoke(DelegatingMethodAccessorImpl.java:43)
	at java.lang.reflect.Method.invoke(Method.java:606)
	at org.apache.maven.surefire.util.ReflectionUtils.invokeMethodWithArray2(ReflectionUtils.java:208)
	at org.apache.maven.surefire.booter.ProviderFactory$ProviderProxy.invoke(ProviderFactory.java:158)
	at org.apache.maven.surefire.booter.ProviderFactory.invokeProvider(ProviderFactory.java:86)
	at org.apache.maven.surefire.booter.ForkedBooter.runSuitesInProcess(ForkedBooter.java:153)
	at org.apache.maven.surefire.booter.ForkedBooter.main(ForkedBooter.java:95)
</error>
  </testcase>
  <testcase name="testZooKeeperRestart" classname="org.apache.zookeeper.book.TestCuratorMaster" time="0.007">
    <error message="Expecting a stackmap frame at branch target 86&#10;Exception Details:&#10;  Location:&#10;    org/apache/zookeeper/book/curator/CuratorMasterSelector.main([Ljava/lang/String;)V @6: ldc&#10;  Reason:&#10;    Expected stackmap frame at this location.&#10;  Bytecode:&#10;    0000000: 033c 11ff ff3d 1238 1101 c9b8 003e bb00&#10;    0000010: 0259 2a03 322a 0432 bb01 c159 1103 e808&#10;    0000020: b701 c4b7 01c6 4e12 3811 01cb b800 3e2d&#10;    0000030: b601 c812 3811 01cc b800 3e2d b601 ca12&#10;    0000040: 3811 01cd b800 3e2d b601 cc12 3811 01d0&#10;    0000050: b800 3ea7 0020 1238 1101 ceb8 003e 4e12&#10;    0000060: 3811 01cf b800 3eb2 0069 1301 ce2d b901&#10;    0000070: d103 0012 3811 01d1 b800 3eb1          &#10;  Exception Handler Table:&#10;    bci [6, 75] =&gt; handler: 86&#10;  Stackmap Table:&#10;    same_locals_1_stack_item_extended(@94,Object[#173])&#10;    same_frame(@123)&#10;" type="java.lang.VerifyError">java.lang.VerifyError: Expecting a stackmap frame at branch target 86
Exception Details:
  Location:
    org/apache/zookeeper/book/curator/CuratorMasterSelector.main([Ljava/lang/String;)V @6: ldc
  Reason:
    Expected stackmap frame at this location.
  Bytecode:
    0000000: 033c 11ff ff3d 1238 1101 c9b8 003e bb00
    0000010: 0259 2a03 322a 0432 bb01 c159 1103 e808
    0000020: b701 c4b7 01c6 4e12 3811 01cb b800 3e2d
    0000030: b601 c812 3811 01cc b800 3e2d b601 ca12
    0000040: 3811 01cd b800 3e2d b601 cc12 3811 01d0
    0000050: b800 3ea7 0020 1238 1101 ceb8 003e 4e12
    0000060: 3811 01cf b800 3eb2 0069 1301 ce2d b901
    0000070: d103 0012 3811 01d1 b800 3eb1          
  Exception Handler Table:
    bci [6, 75] => handler: 86
  Stackmap Table:
    same_locals_1_stack_item_extended(@94,Object[#173])
    same_frame(@123)

	at org.apache.zookeeper.book.TestCuratorMaster.testZooKeeperRestart(TestCuratorMaster.java:96)
</error>
    <system-out>2014-12-18 10:48:08,950 - INFO  - [main:BaseTestCase@51] - Starting ZooKeeper Standalone Server: 11223
2014-12-18 10:48:08,952 - INFO  - [main:BaseTestCase@54] - ZooKeeper server started
2014-12-18 10:48:08,954 - INFO  - [Thread-3:TestCuratorMaster@95] - Starting zookeeper restart
</system-out>
  </testcase>
  <testcase name="testZooKeeperRestart" classname="org.apache.zookeeper.book.TestCuratorMaster" time="0.009">
    <error type="java.lang.NullPointerException:">java.lang.NullPointerException: null
	at org.apache.zookeeper.server.ZooKeeperServerMain.shutdown(ZooKeeperServerMain.java:127)
	at org.apache.zookeeper.book.StandaloneServer$TestZKSMain.shutdown(StandaloneServer.java:54)
	at org.apache.zookeeper.book.StandaloneServer.shutdown(StandaloneServer.java:105)
	at org.apache.zookeeper.book.BaseTestCase.tearDown(BaseTestCase.java:59)
	at sun.reflect.NativeMethodAccessorImpl.invoke0(Native Method)
	at sun.reflect.NativeMethodAccessorImpl.invoke(NativeMethodAccessorImpl.java:57)
	at sun.reflect.DelegatingMethodAccessorImpl.invoke(DelegatingMethodAccessorImpl.java:43)
	at java.lang.reflect.Method.invoke(Method.java:606)
	at org.junit.runners.model.FrameworkMethod$1.runReflectiveCall(FrameworkMethod.java:47)
	at org.junit.internal.runners.model.ReflectiveCallable.run(ReflectiveCallable.java:12)
	at org.junit.runners.model.FrameworkMethod.invokeExplosively(FrameworkMethod.java:44)
	at org.junit.internal.runners.statements.RunAfters.evaluate(RunAfters.java:33)
	at org.junit.runners.ParentRunner.runLeaf(ParentRunner.java:271)
	at org.junit.runners.BlockJUnit4ClassRunner.runChild(BlockJUnit4ClassRunner.java:70)
	at org.junit.runners.BlockJUnit4ClassRunner.runChild(BlockJUnit4ClassRunner.java:50)
	at org.junit.runners.ParentRunner$3.run(ParentRunner.java:238)
	at org.junit.runners.ParentRunner$1.schedule(ParentRunner.java:63)
	at org.junit.runners.ParentRunner.runChildren(ParentRunner.java:236)
	at org.junit.runners.ParentRunner.access$000(ParentRunner.java:53)
	at org.junit.runners.ParentRunner$2.evaluate(ParentRunner.java:229)
	at org.junit.runners.ParentRunner.run(ParentRunner.java:309)
	at org.apache.maven.surefire.junit4.JUnit4Provider.execute(JUnit4Provider.java:264)
	at org.apache.maven.surefire.junit4.JUnit4Provider.executeTestSet(JUnit4Provider.java:153)
	at org.apache.maven.surefire.junit4.JUnit4Provider.invoke(JUnit4Provider.java:124)
	at sun.reflect.NativeMethodAccessorImpl.invoke0(Native Method)
	at sun.reflect.NativeMethodAccessorImpl.invoke(NativeMethodAccessorImpl.java:57)
	at sun.reflect.DelegatingMethodAccessorImpl.invoke(DelegatingMethodAccessorImpl.java:43)
	at java.lang.reflect.Method.invoke(Method.java:606)
	at org.apache.maven.surefire.util.ReflectionUtils.invokeMethodWithArray2(ReflectionUtils.java:208)
	at org.apache.maven.surefire.booter.ProviderFactory$ProviderProxy.invoke(ProviderFactory.java:158)
	at org.apache.maven.surefire.booter.ProviderFactory.invokeProvider(ProviderFactory.java:86)
	at org.apache.maven.surefire.booter.ForkedBooter.runSuitesInProcess(ForkedBooter.java:153)
	at org.apache.maven.surefire.booter.ForkedBooter.main(ForkedBooter.java:95)
</error>
  </testcase>
  <testcase name="electSingleMaster" classname="org.apache.zookeeper.book.TestCuratorMaster" time="0.008">
    <error message="Expecting a stackmap frame at branch target 86&#10;Exception Details:&#10;  Location:&#10;    org/apache/zookeeper/book/curator/CuratorMasterSelector.main([Ljava/lang/String;)V @6: ldc&#10;  Reason:&#10;    Expected stackmap frame at this location.&#10;  Bytecode:&#10;    0000000: 033c 11ff ff3d 1238 1101 c9b8 003e bb00&#10;    0000010: 0259 2a03 322a 0432 bb01 c159 1103 e808&#10;    0000020: b701 c4b7 01c6 4e12 3811 01cb b800 3e2d&#10;    0000030: b601 c812 3811 01cc b800 3e2d b601 ca12&#10;    0000040: 3811 01cd b800 3e2d b601 cc12 3811 01d0&#10;    0000050: b800 3ea7 0020 1238 1101 ceb8 003e 4e12&#10;    0000060: 3811 01cf b800 3eb2 0069 1301 ce2d b901&#10;    0000070: d103 0012 3811 01d1 b800 3eb1          &#10;  Exception Handler Table:&#10;    bci [6, 75] =&gt; handler: 86&#10;  Stackmap Table:&#10;    same_locals_1_stack_item_extended(@94,Object[#173])&#10;    same_frame(@123)&#10;" type="java.lang.VerifyError">java.lang.VerifyError: Expecting a stackmap frame at branch target 86
Exception Details:
  Location:
    org/apache/zookeeper/book/curator/CuratorMasterSelector.main([Ljava/lang/String;)V @6: ldc
  Reason:
    Expected stackmap frame at this location.
  Bytecode:
    0000000: 033c 11ff ff3d 1238 1101 c9b8 003e bb00
    0000010: 0259 2a03 322a 0432 bb01 c159 1103 e808
    0000020: b701 c4b7 01c6 4e12 3811 01cb b800 3e2d
    0000030: b601 c812 3811 01cc b800 3e2d b601 ca12
    0000040: 3811 01cd b800 3e2d b601 cc12 3811 01d0
    0000050: b800 3ea7 0020 1238 1101 ceb8 003e 4e12
    0000060: 3811 01cf b800 3eb2 0069 1301 ce2d b901
    0000070: d103 0012 3811 01d1 b800 3eb1          
  Exception Handler Table:
    bci [6, 75] => handler: 86
  Stackmap Table:
    same_locals_1_stack_item_extended(@94,Object[#173])
    same_frame(@123)

	at org.apache.zookeeper.book.TestCuratorMaster.electSingleMaster(TestCuratorMaster.java:186)
</error>
    <system-out>2014-12-18 10:48:08,960 - INFO  - [main:BaseTestCase@51] - Starting ZooKeeper Standalone Server: 11224
2014-12-18 10:48:08,963 - INFO  - [main:BaseTestCase@54] - ZooKeeper server started
2014-12-18 10:48:08,965 - INFO  - [Thread-4:TestCuratorMaster@185] - Starting single master test
</system-out>
  </testcase>
  <testcase name="electSingleMaster" classname="org.apache.zookeeper.book.TestCuratorMaster" time="0.01">
    <error type="java.lang.NullPointerException:">java.lang.NullPointerException: null
	at org.apache.zookeeper.server.ZooKeeperServerMain.shutdown(ZooKeeperServerMain.java:127)
	at org.apache.zookeeper.book.StandaloneServer$TestZKSMain.shutdown(StandaloneServer.java:54)
	at org.apache.zookeeper.book.StandaloneServer.shutdown(StandaloneServer.java:105)
	at org.apache.zookeeper.book.BaseTestCase.tearDown(BaseTestCase.java:59)
	at sun.reflect.NativeMethodAccessorImpl.invoke0(Native Method)
	at sun.reflect.NativeMethodAccessorImpl.invoke(NativeMethodAccessorImpl.java:57)
	at sun.reflect.DelegatingMethodAccessorImpl.invoke(DelegatingMethodAccessorImpl.java:43)
	at java.lang.reflect.Method.invoke(Method.java:606)
	at org.junit.runners.model.FrameworkMethod$1.runReflectiveCall(FrameworkMethod.java:47)
	at org.junit.internal.runners.model.ReflectiveCallable.run(ReflectiveCallable.java:12)
	at org.junit.runners.model.FrameworkMethod.invokeExplosively(FrameworkMethod.java:44)
	at org.junit.internal.runners.statements.RunAfters.evaluate(RunAfters.java:33)
	at org.junit.runners.ParentRunner.runLeaf(ParentRunner.java:271)
	at org.junit.runners.BlockJUnit4ClassRunner.runChild(BlockJUnit4ClassRunner.java:70)
	at org.junit.runners.BlockJUnit4ClassRunner.runChild(BlockJUnit4ClassRunner.java:50)
	at org.junit.runners.ParentRunner$3.run(ParentRunner.java:238)
	at org.junit.runners.ParentRunner$1.schedule(ParentRunner.java:63)
	at org.junit.runners.ParentRunner.runChildren(ParentRunner.java:236)
	at org.junit.runners.ParentRunner.access$000(ParentRunner.java:53)
	at org.junit.runners.ParentRunner$2.evaluate(ParentRunner.java:229)
	at org.junit.runners.ParentRunner.run(ParentRunner.java:309)
	at org.apache.maven.surefire.junit4.JUnit4Provider.execute(JUnit4Provider.java:264)
	at org.apache.maven.surefire.junit4.JUnit4Provider.executeTestSet(JUnit4Provider.java:153)
	at org.apache.maven.surefire.junit4.JUnit4Provider.invoke(JUnit4Provider.java:124)
	at sun.reflect.NativeMethodAccessorImpl.invoke0(Native Method)
	at sun.reflect.NativeMethodAccessorImpl.invoke(NativeMethodAccessorImpl.java:57)
	at sun.reflect.DelegatingMethodAccessorImpl.invoke(DelegatingMethodAccessorImpl.java:43)
	at java.lang.reflect.Method.invoke(Method.java:606)
	at org.apache.maven.surefire.util.ReflectionUtils.invokeMethodWithArray2(ReflectionUtils.java:208)
	at org.apache.maven.surefire.booter.ProviderFactory$ProviderProxy.invoke(ProviderFactory.java:158)
	at org.apache.maven.surefire.booter.ProviderFactory.invokeProvider(ProviderFactory.java:86)
	at org.apache.maven.surefire.booter.ForkedBooter.runSuitesInProcess(ForkedBooter.java:153)
	at org.apache.maven.surefire.booter.ForkedBooter.main(ForkedBooter.java:95)
</error>
  </testcase>
</testsuite>